{"numTotalTestSuites":150,"numPassedTestSuites":125,"numFailedTestSuites":25,"numPendingTestSuites":0,"numTotalTests":438,"numPassedTests":414,"numFailedTests":23,"numPendingTests":1,"numTodoTests":0,"snapshot":{"added":0,"failure":false,"filesAdded":0,"filesRemoved":0,"filesRemovedList":[],"filesUnmatched":0,"filesUpdated":0,"matched":0,"total":0,"unchecked":0,"uncheckedKeysByFile":[],"unmatched":0,"updated":0,"didUpdate":false},"startTime":1789527810272,"success":false,"testResults":[{"assertionResults":[{"ancestorTitles":["decompile 坐标往返诊断（已知编译器 bug：反编译丢失绝对定位坐标，待 decompile.ts 修复后启用）"],"fullName":"decompile 坐标往返诊断（已知编译器 bug：反编译丢失绝对定位坐标，待 decompile.ts 修复后启用） base_hud: html 编译-反编译-再编译 坐标对比","status":"skipped","title":"base_hud: html 编译-反编译-再编译 坐标对比","failureMessages":[],"meta":{}}],"startTime":1789527810272,"endTime":1789527810272,"status":"passed","message":"","name":"E:/DemoStudio/tests/decompileRoundtrip.test.ts"},{"assertionResults":[{"ancestorTitles":[],"fullName":"diag","status":"passed","title":"diag","duration":247.49929999999995,"failureMessages":[],"meta":{}}],"startTime":1789527814610,"endTime":1789527814857.4993,"status":"passed","message":"","name":"E:/DemoStudio/tests/diag_pc.test.ts"},{"assertionResults":[{"ancestorTitles":["electron/projectRoots 双工程根解析"],"fullName":"electron/projectRoots 双工程根解析 根常量：内置在前、外部在后","status":"passed","title":"根常量：内置在前、外部在后","duration":2.356499999999869,"failureMessages":[],"meta":{}},{"ancestorTitles":["electron/projectRoots 双工程根解析"],"fullName":"electron/projectRoots 双工程根解析 projectRootFor: 内置命中 / 外部命中 / 未命中返回 null","status":"passed","title":"projectRootFor: 内置命中 / 外部命中 / 未命中返回 null","duration":3.3871000000003733,"failureMessages":[],"meta":{}},{"ancestorTitles":["electron/projectRoots 双工程根解析"],"fullName":"electron/projectRoots 双工程根解析 relativeRootFor: 内置 / 外部 / 越界返回 null","status":"passed","title":"relativeRootFor: 内置 / 外部 / 越界返回 null","duration":0.642699999999877,"failureMessages":[],"meta":{}},{"ancestorTitles":["electron/projectRoots 双工程根解析"],"fullName":"electron/projectRoots 双工程根解析 resolveProjectRoots: 只返回真实存在的根","status":"passed","title":"resolveProjectRoots: 只返回真实存在的根","duration":2.926299999999628,"failureMessages":[],"meta":{}},{"ancestorTitles":["electron/projectRoots 双工程根解析"],"fullName":"electron/projectRoots 双工程根解析 isProjectAssetRel: 任一根的 folder/asset/ 下才放行","status":"passed","title":"isProjectAssetRel: 任一根的 folder/asset/ 下才放行","duration":0.5397999999995591,"failureMessages":[],"meta":{}},{"ancestorTitles":["Mock 路径翻译（normalizeGlobPath）"],"fullName":"Mock 路径翻译（normalizeGlobPath） 内置工程：../projects/ → src/projects/","status":"passed","title":"内置工程：../projects/ → src/projects/","duration":0.28470000000015716,"failureMessages":[],"meta":{}},{"ancestorTitles":["Mock 路径翻译（normalizeGlobPath）"],"fullName":"Mock 路径翻译（normalizeGlobPath） 外部工程：../../projects/ → projects/（最易漏的回归盲区）","status":"passed","title":"外部工程：../../projects/ → projects/（最易漏的回归盲区）","duration":0.0957999999995991,"failureMessages":[],"meta":{}},{"ancestorTitles":["Mock 路径翻译（normalizeGlobPath）"],"fullName":"Mock 路径翻译（normalizeGlobPath） Windows 反斜杠统一转正斜杠","status":"passed","title":"Windows 反斜杠统一转正斜杠","duration":0.09239999999999782,"failureMessages":[],"meta":{}},{"ancestorTitles":["Mock 路径翻译（normalizeGlobPath）"],"fullName":"Mock 路径翻译（normalizeGlobPath） 空串安全","status":"passed","title":"空串安全","duration":0.19239999999990687,"failureMessages":[],"meta":{}},{"ancestorTitles":["Mock 工程发现（scanProjectsFrom）"],"fullName":"Mock 工程发现（scanProjectsFrom） 内置/外部双前缀 key 都能被发现，source 字段正确，坏条目跳过","status":"passed","title":"内置/外部双前缀 key 都能被发现，source 字段正确，坏条目跳过","duration":1.4330999999997402,"failureMessages":[],"meta":{}},{"ancestorTitles":["工程列表合并（mergeProjects）"],"fullName":"工程列表合并（mergeProjects） 外部同名覆盖内置（保留内置位置），logger 告警","status":"passed","title":"外部同名覆盖内置（保留内置位置），logger 告警","duration":1.9562999999998283,"failureMessages":[],"meta":{}},{"ancestorTitles":["工程列表合并（mergeProjects）"],"fullName":"工程列表合并（mergeProjects） 无冲突时外部位追加在内置之后","status":"passed","title":"无冲突时外部位追加在内置之后","duration":0.2717999999999847,"failureMessages":[],"meta":{}},{"ancestorTitles":["工程列表合并（mergeProjects）"],"fullName":"工程列表合并（mergeProjects） 外部为空时原样返回内置","status":"passed","title":"外部为空时原样返回内置","duration":0.1716999999998734,"failureMessages":[],"meta":{}}],"startTime":1789527819050,"endTime":1789527819065.2717,"status":"passed","message":"","name":"E:/DemoStudio/tests/externalRoots.test.ts"},{"assertionResults":[{"ancestorTitles":["mesh 组件工厂 kind+texture 组合"],"fullName":"mesh 组件工厂 kind+texture 组合 SphereMeshComponent: basic 材质替换后 texture 与 color 保留","status":"passed","title":"SphereMeshComponent: basic 材质替换后 texture 与 color 保留","duration":10.051300000000083,"failureMessages":[],"meta":{}},{"ancestorTitles":["mesh 组件工厂 kind+texture 组合"],"fullName":"mesh 组件工厂 kind+texture 组合 BoxMeshComponent: basic 材质替换继承 color（texture 不在白名单，另有防御）","status":"passed","title":"BoxMeshComponent: basic 材质替换继承 color（texture 不在白名单，另有防御）","duration":2.1644000000001142,"failureMessages":[],"meta":{}},{"ancestorTitles":["mesh 组件工厂 kind+texture 组合"],"fullName":"mesh 组件工厂 kind+texture 组合 SphereMeshComponent: 默认 standard 材质行为不变","status":"passed","title":"SphereMeshComponent: 默认 standard 材质行为不变","duration":2.650000000000091,"failureMessages":[],"meta":{}}],"startTime":1789527819560,"endTime":1789527819574.65,"status":"passed","message":"","name":"E:/DemoStudio/tests/meshKindTexture.test.ts"},{"assertionResults":[{"ancestorTitles":["matchesQuery（模糊匹配）"],"fullName":"matchesQuery（模糊匹配） 空查询匹配任意名称","status":"passed","title":"空查询匹配任意名称","duration":1.661200000000008,"failureMessages":[],"meta":{}},{"ancestorTitles":["matchesQuery（模糊匹配）"],"fullName":"matchesQuery（模糊匹配） 大小写不敏感子串匹配","status":"passed","title":"大小写不敏感子串匹配","duration":0.4954999999999927,"failureMessages":[],"meta":{}},{"ancestorTitles":["matchesQuery（模糊匹配）"],"fullName":"matchesQuery（模糊匹配） 空格分段全部命中（AND）","status":"passed","title":"空格分段全部命中（AND）","duration":0.21149999999988722,"failureMessages":[],"meta":{}},{"ancestorTitles":["filterOutlineTree（搜索过滤：命中 + 祖先链，先序保持）"],"fullName":"filterOutlineTree（搜索过滤：命中 + 祖先链，先序保持） 命中叶子时保留其祖先链","status":"passed","title":"命中叶子时保留其祖先链","duration":1.1845000000002983,"failureMessages":[],"meta":{}},{"ancestorTitles":["filterOutlineTree（搜索过滤：命中 + 祖先链，先序保持）"],"fullName":"filterOutlineTree（搜索过滤：命中 + 祖先链，先序保持） 祖先链已命中时不重复传播","status":"passed","title":"祖先链已命中时不重复传播","duration":0.2559000000001106,"failureMessages":[],"meta":{}},{"ancestorTitles":["filterOutlineTree（搜索过滤：命中 + 祖先链，先序保持）"],"fullName":"filterOutlineTree（搜索过滤：命中 + 祖先链，先序保持） 无命中返回空数组","status":"passed","title":"无命中返回空数组","duration":0.20429999999987558,"failureMessages":[],"meta":{}},{"ancestorTitles":["filterOutlineTree（搜索过滤：命中 + 祖先链，先序保持）"],"fullName":"filterOutlineTree（搜索过滤：命中 + 祖先链，先序保持） 空查询返回全树（含 index 与 hasChildren）","status":"passed","title":"空查询返回全树（含 index 与 hasChildren）","duration":0.34409999999979846,"failureMessages":[],"meta":{}},{"ancestorTitles":["computeStableKeys（稳定 key：父链路径 + 节点名 + 同层重名序号）"],"fullName":"computeStableKeys（稳定 key：父链路径 + 节点名 + 同层重名序号） key = kind + 父链路径 + 名称，与 root.id 无关","status":"passed","title":"key = kind + 父链路径 + 名称，与 root.id 无关","duration":0.29440000000022337,"failureMessages":[],"meta":{}},{"ancestorTitles":["computeStableKeys（稳定 key：父链路径 + 节点名 + 同层重名序号）"],"fullName":"computeStableKeys（稳定 key：父链路径 + 节点名 + 同层重名序号） 同层同名兄弟追加序号保证唯一；改名后兄弟序号正确重算","status":"passed","title":"同层同名兄弟追加序号保证唯一；改名后兄弟序号正确重算","duration":0.28099999999994907,"failureMessages":[],"meta":{}},{"ancestorTitles":["computeStableKeys（稳定 key：父链路径 + 节点名 + 同层重名序号）"],"fullName":"computeStableKeys（稳定 key：父链路径 + 节点名 + 同层重名序号） 树刷新（同结构重建，root.id 全变）后 key 完全一致 —— 核心保证","status":"passed","title":"树刷新（同结构重建，root.id 全变）后 key 完全一致 —— 核心保证","duration":0.276299999999992,"failureMessages":[],"meta":{}},{"ancestorTitles":["computeStableKeys（稳定 key：父链路径 + 节点名 + 同层重名序号）"],"fullName":"computeStableKeys（稳定 key：父链路径 + 节点名 + 同层重名序号） 不同 kind 前缀互不干扰","status":"passed","title":"不同 kind 前缀互不干扰","duration":0.1687000000001717,"failureMessages":[],"meta":{}},{"ancestorTitles":["collectKeysWithChildren（稳定 key）"],"fullName":"collectKeysWithChildren（稳定 key） 只为有子节点的节点收集稳定 key，前缀 kind","status":"passed","title":"只为有子节点的节点收集稳定 key，前缀 kind","duration":0.2116000000000895,"failureMessages":[],"meta":{}},{"ancestorTitles":["collectKeysWithChildren（稳定 key）"],"fullName":"collectKeysWithChildren（稳定 key） 无 actor 节点同样获得稳定 key（不再依赖渲染索引）","status":"passed","title":"无 actor 节点同样获得稳定 key（不再依赖渲染索引）","duration":0.17160000000012587,"failureMessages":[],"meta":{}},{"ancestorTitles":["collectKeysWithChildren（稳定 key）"],"fullName":"collectKeysWithChildren（稳定 key） 叶子节点不产生 key","status":"passed","title":"叶子节点不产生 key","duration":0.17089999999961947,"failureMessages":[],"meta":{}},{"ancestorTitles":["applyCollapse（稳定 key 折叠过滤）"],"fullName":"applyCollapse（稳定 key 折叠过滤） 折叠父节点时跳过其全部后辈","status":"passed","title":"折叠父节点时跳过其全部后辈","duration":0.3006000000000313,"failureMessages":[],"meta":{}},{"ancestorTitles":["applyCollapse（稳定 key 折叠过滤）"],"fullName":"applyCollapse（稳定 key 折叠过滤） 折叠中间节点时仅跳过其子树，兄弟子树不受影响","status":"passed","title":"折叠中间节点时仅跳过其子树，兄弟子树不受影响","duration":0.33199999999987995,"failureMessages":[],"meta":{}},{"ancestorTitles":["applyCollapse（稳定 key 折叠过滤）"],"fullName":"applyCollapse（稳定 key 折叠过滤） 空 collapsedKeys 全部展开","status":"passed","title":"空 collapsedKeys 全部展开","duration":0.30280000000038854,"failureMessages":[],"meta":{}},{"ancestorTitles":["applyCollapse（稳定 key 折叠过滤）"],"fullName":"applyCollapse（稳定 key 折叠过滤） 无 actor 节点按稳定路径折叠，不受前面节点增删导致的索引偏移影响","status":"passed","title":"无 actor 节点按稳定路径折叠，不受前面节点增删导致的索引偏移影响","duration":0.21729999999979555,"failureMessages":[],"meta":{}},{"ancestorTitles":["applyCollapse（稳定 key 折叠过滤）"],"fullName":"applyCollapse（稳定 key 折叠过滤） 重建模拟：同一结构树 root.id 全变，折叠状态按稳定 key 命中","status":"passed","title":"重建模拟：同一结构树 root.id 全变，折叠状态按稳定 key 命中","duration":0.2676000000001295,"failureMessages":[],"meta":{}},{"ancestorTitles":["useDefaultCollapsed（hook：默认折叠 + 手动展开不被重置）"],"fullName":"useDefaultCollapsed（hook：默认折叠 + 手动展开不被重置） 首次出现的有子节点 key 自动折叠","status":"passed","title":"首次出现的有子节点 key 自动折叠","duration":17.491500000000087,"failureMessages":[],"meta":{}},{"ancestorTitles":["useDefaultCollapsed（hook：默认折叠 + 手动展开不被重置）"],"fullName":"useDefaultCollapsed（hook：默认折叠 + 手动展开不被重置） 手动展开后，同 key 的树刷新不重置折叠","status":"passed","title":"手动展开后，同 key 的树刷新不重置折叠","duration":3.774199999999837,"failureMessages":[],"meta":{}},{"ancestorTitles":["useDefaultCollapsed（hook：默认折叠 + 手动展开不被重置）"],"fullName":"useDefaultCollapsed（hook：默认折叠 + 手动展开不被重置） 新增 key 只折叠新增项，已展开的保持展开","status":"passed","title":"新增 key 只折叠新增项，已展开的保持展开","duration":2.9996000000001004,"failureMessages":[],"meta":{}},{"ancestorTitles":["useDefaultCollapsed（hook：默认折叠 + 手动展开不被重置）"],"fullName":"useDefaultCollapsed（hook：默认折叠 + 手动展开不被重置） 重建后展开状态保持（稳定 key 修复缺陷的核心用例）","status":"passed","title":"重建后展开状态保持（稳定 key 修复缺陷的核心用例）","duration":5.159499999999753,"failureMessages":[],"meta":{}},{"ancestorTitles":["buildTreeText / buildNodeSubtreeText（树形文本导出）"],"fullName":"buildTreeText / buildNodeSubtreeText（树形文本导出） buildTreeText 生成 | 树形文本（单根 | + 随深度延长 —，带类型后缀）","status":"passed","title":"buildTreeText 生成 | 树形文本（单根 | + 随深度延长 —，带类型后缀）","duration":0.5259000000000924,"failureMessages":[],"meta":{}},{"ancestorTitles":["buildTreeText / buildNodeSubtreeText（树形文本导出）"],"fullName":"buildTreeText / buildNodeSubtreeText（树形文本导出） buildTreeText 空树返回空字符串","status":"passed","title":"buildTreeText 空树返回空字符串","duration":0.2566999999999098,"failureMessages":[],"meta":{}},{"ancestorTitles":["buildTreeText / buildNodeSubtreeText（树形文本导出）"],"fullName":"buildTreeText / buildNodeSubtreeText（树形文本导出） buildNodeSubtreeText 只导出目标节点及其子树（目标重缩进为顶层）","status":"passed","title":"buildNodeSubtreeText 只导出目标节点及其子树（目标重缩进为顶层）","duration":0.24539999999979045,"failureMessages":[],"meta":{}},{"ancestorTitles":["buildTreeText / buildNodeSubtreeText（树形文本导出）"],"fullName":"buildTreeText / buildNodeSubtreeText（树形文本导出） buildNodeSubtreeText 目标不存在返回 null","status":"passed","title":"buildNodeSubtreeText 目标不存在返回 null","duration":0.13450000000011642,"failureMessages":[],"meta":{}},{"ancestorTitles":["buildTreeText / buildNodeSubtreeText（树形文本导出）"],"fullName":"buildTreeText / buildNodeSubtreeText（树形文本导出） 重名节点：命中第一个并完整导出其嵌套子树（无 actor 节点同样导出）","status":"passed","title":"重名节点：命中第一个并完整导出其嵌套子树（无 actor 节点同样导出）","duration":0.12529999999969732,"failureMessages":[],"meta":{}},{"ancestorTitles":["buildTreeText / buildNodeSubtreeText（树形文本导出）"],"fullName":"buildTreeText / buildNodeSubtreeText（树形文本导出） buildNodeSubtreeText 根节点导出整棵树","status":"passed","title":"buildNodeSubtreeText 根节点导出整棵树","duration":0.12849999999980355,"failureMessages":[],"meta":{}}],"startTime":1789527818382,"endTime":1789527818421.2454,"status":"passed","message":"","name":"E:/DemoStudio/tests/outlineCore.test.tsx"},{"assertionResults":[],"startTime":1789527810272,"endTime":1789527810272,"status":"failed","message":"Failed to resolve import \"../projects/pvz/gameplay/common/pvzLogic\" from \"tests/pvz_logic.test.ts\". Does the file exist?","name":"E:/DemoStudio/tests/pvz_logic.test.ts"},{"assertionResults":[],"startTime":1789527810272,"endTime":1789527810272,"status":"failed","message":"Failed to resolve import \"../projects/pvz/gameplay/battle/PvZBattleGameMode\" from \"tests/pvz_wiring.test.ts\". Does the file exist?","name":"E:/DemoStudio/tests/pvz_wiring.test.ts"},{"assertionResults":[{"ancestorTitles":["SceneLoader.loadScene 节点归集（无预渲染）"],"fullName":"SceneLoader.loadScene 节点归集（无预渲染） 归集-1: actor 节点（含 children）只收集不建 mesh，group 为空壳","status":"passed","title":"归集-1: actor 节点（含 children）只收集不建 mesh，group 为空壳","duration":2.3939000000000306,"failureMessages":[],"meta":{}},{"ancestorTitles":["SceneLoader.loadScene 节点归集（无预渲染）"],"fullName":"SceneLoader.loadScene 节点归集（无预渲染） 归集-2: 多个同构节点连续归集，ref 与 actor 分流正确","status":"passed","title":"归集-2: 多个同构节点连续归集，ref 与 actor 分流正确","duration":1.1235000000001492,"failureMessages":[],"meta":{}},{"ancestorTitles":["SceneLoader.loadScene 节点归集（无预渲染）"],"fullName":"SceneLoader.loadScene 节点归集（无预渲染） 归集-3: dispose 幂等且 group 清空","status":"passed","title":"归集-3: dispose 幂等且 group 清空","duration":0.30500000000029104,"failureMessages":[],"meta":{}}],"startTime":1789527819304,"endTime":1789527819308.305,"status":"passed","message":"","name":"E:/DemoStudio/tests/sceneLoaderActorChildren.test.ts"},{"assertionResults":[{"ancestorTitles":["P0 基线：现状锁定（改造前后均须绿）"],"fullName":"P0 基线：现状锁定（改造前后均须绿） 基线-S1: three r170 DirectionalLight 默认 shadow camera 正交范围 ±5","status":"passed","title":"基线-S1: three r170 DirectionalLight 默认 shadow camera 正交范围 ±5","duration":36.091199999999844,"failureMessages":[],"meta":{}},{"ancestorTitles":["P0 基线：现状锁定（改造前后均须绿）"],"fullName":"P0 基线：现状锁定（改造前后均须绿） 基线-S2: three r170 DirectionalLight 默认 shadow mapSize 512","status":"passed","title":"基线-S2: three r170 DirectionalLight 默认 shadow mapSize 512","duration":2.1920000000000073,"failureMessages":[],"meta":{}},{"ancestorTitles":["P0 基线：现状锁定（改造前后均须绿）"],"fullName":"P0 基线：现状锁定（改造前后均须绿） 基线-S3: three r170 DirectionalLight.target 默认不在任何场景树上（原生行为）","status":"passed","title":"基线-S3: three r170 DirectionalLight.target 默认不在任何场景树上（原生行为）","duration":0.35090000000036525,"failureMessages":[],"meta":{}},{"ancestorTitles":["P0 基线：现状锁定（改造前后均须绿）"],"fullName":"P0 基线：现状锁定（改造前后均须绿） 基线-S4: three 默认 mesh 不投影不接收（castShadow/receiveShadow 默认 false）","status":"passed","title":"基线-S4: three 默认 mesh 不投影不接收（castShadow/receiveShadow 默认 false）","duration":2.0838999999996304,"failureMessages":[],"meta":{}},{"ancestorTitles":["P0 目标：LightComponent 阴影参数（TC-S1~S4）"],"fullName":"P0 目标：LightComponent 阴影参数（TC-S1~S4） TC-S1a: shadowExtent 设 40 后 shadow camera 四边 ±40 且投影矩阵已更新","status":"passed","title":"TC-S1a: shadowExtent 设 40 后 shadow camera 四边 ±40 且投影矩阵已更新","duration":2.9551000000001295,"failureMessages":[],"meta":{}},{"ancestorTitles":["P0 目标：LightComponent 阴影参数（TC-S1~S4）"],"fullName":"P0 目标：LightComponent 阴影参数（TC-S1~S4） TC-S1b: shadowExtent 未设（缺省 0）→ 不改 three 默认 ±5","status":"passed","title":"TC-S1b: shadowExtent 未设（缺省 0）→ 不改 three 默认 ±5","duration":1.7615000000005239,"failureMessages":[],"meta":{}},{"ancestorTitles":["P0 目标：LightComponent 阴影参数（TC-S1~S4）"],"fullName":"P0 目标：LightComponent 阴影参数（TC-S1~S4） TC-S2a: 首帧渲染前设 shadowMapSize 2048 → mapSize 立即生效","status":"passed","title":"TC-S2a: 首帧渲染前设 shadowMapSize 2048 → mapSize 立即生效","duration":1.1309000000001106,"failureMessages":[],"meta":{}},{"ancestorTitles":["P0 目标：LightComponent 阴影参数（TC-S1~S4）"],"fullName":"P0 目标：LightComponent 阴影参数（TC-S1~S4） TC-S2b: 首帧渲染后再改 shadowMapSize → 旧 shadow.map 已 dispose（下一帧重建生效）","status":"passed","title":"TC-S2b: 首帧渲染后再改 shadowMapSize → 旧 shadow.map 已 dispose（下一帧重建生效）","duration":3.364300000000185,"failureMessages":[],"meta":{}},{"ancestorTitles":["P0 目标：LightComponent 阴影参数（TC-S1~S4）"],"fullName":"P0 目标：LightComponent 阴影参数（TC-S1~S4） TC-S3: bias / normalBias / radius 逐值透传到 light.shadow","status":"passed","title":"TC-S3: bias / normalBias / radius 逐值透传到 light.shadow","duration":1.6612000000004628,"failureMessages":[],"meta":{}},{"ancestorTitles":["P0 目标：LightComponent 阴影参数（TC-S1~S4）"],"fullName":"P0 目标：LightComponent 阴影参数（TC-S1~S4） TC-S4①: LightComponent 构造后 light.target 挂在 owner.root 子树（显式化）","status":"passed","title":"TC-S4①: LightComponent 构造后 light.target 挂在 owner.root 子树（显式化）","duration":2.3560999999999694,"failureMessages":[],"meta":{}},{"ancestorTitles":["P0 目标：LightComponent 阴影参数（TC-S1~S4）"],"fullName":"P0 目标：LightComponent 阴影参数（TC-S1~S4） TC-S4②: EndPlay 后 light.target 从树中移除","status":"passed","title":"TC-S4②: EndPlay 后 light.target 从树中移除","duration":1.5204000000003361,"failureMessages":[],"meta":{}},{"ancestorTitles":["P0 资产链路：工厂透传与场景资产（TC-S5）"],"fullName":"P0 资产链路：工厂透传与场景资产（TC-S5） TC-S5a: ComponentRegistry 工厂透传 shadowExtent/shadowMapSize 到运行时 light","status":"passed","title":"TC-S5a: ComponentRegistry 工厂透传 shadowExtent/shadowMapSize 到运行时 light","duration":1609.1485000000002,"failureMessages":[],"meta":{}},{"ancestorTitles":["P0 资产链路：工厂透传与场景资产（TC-S5）"],"fullName":"P0 资产链路：工厂透传与场景资产（TC-S5） TC-S5b: fish_level1 场景 KeyLight properties 含 shadowExtent 40 / shadowMapSize 2048（资产样例）","status":"passed","title":"TC-S5b: fish_level1 场景 KeyLight properties 含 shadowExtent 40 / shadowMapSize 2048（资产样例）","duration":10.475099999999657,"failureMessages":[],"meta":{}},{"ancestorTitles":["P2：lint 与工厂阴影标记（TC-S10 + D4）"],"fullName":"P2：lint 与工厂阴影标记（TC-S10 + D4） TC-S10: kind basic + receiveShadow true → warn（不 error），standard 或无 receiveShadow 不报","status":"passed","title":"TC-S10: kind basic + receiveShadow true → warn（不 error），standard 或无 receiveShadow 不报","duration":82.0635999999995,"failureMessages":[],"meta":{}},{"ancestorTitles":["P2：lint 与工厂阴影标记（TC-S10 + D4）"],"fullName":"P2：lint 与工厂阴影标记（TC-S10 + D4） D4 工厂: mesh 组件 castShadow/receiveShadow 缺省 true（对齐旧格式默认，真阴影链路打通）","status":"passed","title":"D4 工厂: mesh 组件 castShadow/receiveShadow 缺省 true（对齐旧格式默认，真阴影链路打通）","duration":2.9558999999999287,"failureMessages":[],"meta":{}},{"ancestorTitles":["P2：lint 与工厂阴影标记（TC-S10 + D4）"],"fullName":"P2：lint 与工厂阴影标记（TC-S10 + D4） D4 工厂: sprite kind standard → MeshStandardMaterial；castShadow 缺省 true / receiveShadow 缺省 false","status":"passed","title":"D4 工厂: sprite kind standard → MeshStandardMaterial；castShadow 缺省 true / receiveShadow 缺省 false","duration":2.04700000000048,"failureMessages":[],"meta":{}},{"ancestorTitles":["P1 目标：ShadowBlobComponent（TC-S6/S7/S8）"],"fullName":"P1 目标：ShadowBlobComponent（TC-S6/S7/S8） TC-S6a: 构造后 blob mesh 是 owner.root 子节点（随动零每帧代码）","status":"passed","title":"TC-S6a: 构造后 blob mesh 是 owner.root 子节点（随动零每帧代码）","duration":13.032999999999447,"failureMessages":[],"meta":{}},{"ancestorTitles":["P1 目标：ShadowBlobComponent（TC-S6/S7/S8）"],"fullName":"P1 目标：ShadowBlobComponent（TC-S6/S7/S8） TC-S6b: radius 同步 mesh.scale；opacity 同步材质；EndPlay 后 blob 从树移除","status":"passed","title":"TC-S6b: radius 同步 mesh.scale；opacity 同步材质；EndPlay 后 blob 从树移除","duration":1.1347999999998137,"failureMessages":[],"meta":{}},{"ancestorTitles":["P1 目标：ShadowBlobComponent（TC-S6/S7/S8）"],"fullName":"P1 目标：ShadowBlobComponent（TC-S6/S7/S8） TC-S6c: EndPlay 后共享贴图/几何单例仍存活（新实例仍可创建）","status":"passed","title":"TC-S6c: EndPlay 后共享贴图/几何单例仍存活（新实例仍可创建）","duration":0.5365000000001601,"failureMessages":[],"meta":{}},{"ancestorTitles":["P1 目标：ShadowBlobComponent（TC-S6/S7/S8）"],"fullName":"P1 目标：ShadowBlobComponent（TC-S6/S7/S8） TC-S7a: XZ 地面（缺省 normal [0,1,0]）→ blob 平面法线朝 +Y","status":"passed","title":"TC-S7a: XZ 地面（缺省 normal [0,1,0]）→ blob 平面法线朝 +Y","duration":0.44070000000010623,"failureMessages":[],"meta":{}},{"ancestorTitles":["P1 目标：ShadowBlobComponent（TC-S6/S7/S8）"],"fullName":"P1 目标：ShadowBlobComponent（TC-S6/S7/S8） TC-S7b: XY 世界（normal [0,0,1]）→ blob 平面法线朝 +Z（原生不旋转）","status":"passed","title":"TC-S7b: XY 世界（normal [0,0,1]）→ blob 平面法线朝 +Z（原生不旋转）","duration":0.27229999999963184,"failureMessages":[],"meta":{}},{"ancestorTitles":["P1 目标：ShadowBlobComponent（TC-S6/S7/S8）"],"fullName":"P1 目标：ShadowBlobComponent（TC-S6/S7/S8） TC-S7c: offset 沿法线抬升（XZ 地面 → mesh.position.y = offset）","status":"passed","title":"TC-S7c: offset 沿法线抬升（XZ 地面 → mesh.position.y = offset）","duration":0.23559999999997672,"failureMessages":[],"meta":{}},{"ancestorTitles":["P1 目标：ShadowBlobComponent（TC-S6/S7/S8）"],"fullName":"P1 目标：ShadowBlobComponent（TC-S6/S7/S8） TC-S8: 材质 transparent + depthWrite:false + renderOrder 高于地面（防 z-fight 与排序错乱）","status":"passed","title":"TC-S8: 材质 transparent + depthWrite:false + renderOrder 高于地面（防 z-fight 与排序错乱）","duration":0.29939999999987776,"failureMessages":[],"meta":{}},{"ancestorTitles":["实时阴影补全：targetPosition 与场景资产（TC-R1~R8）"],"fullName":"实时阴影补全：targetPosition 与场景资产（TC-R1~R8） TC-R1: 旧行为锁定——actor 定位模式不设 targetPosition → 光方向恒竖直向下（阴影失效根因）","status":"passed","title":"TC-R1: 旧行为锁定——actor 定位模式不设 targetPosition → 光方向恒竖直向下（阴影失效根因）","duration":1.6158000000004904,"failureMessages":[],"meta":{}},{"ancestorTitles":["实时阴影补全：targetPosition 与场景资产（TC-R1~R8）"],"fullName":"实时阴影补全：targetPosition 与场景资产（TC-R1~R8） TC-R2: targetPosition 设灯位负值 → target 世界位置回到世界原点","status":"passed","title":"TC-R2: targetPosition 设灯位负值 → target 世界位置回到世界原点","duration":0.972500000000764,"failureMessages":[],"meta":{}},{"ancestorTitles":["实时阴影补全：targetPosition 与场景资产（TC-R1~R8）"],"fullName":"实时阴影补全：targetPosition 与场景资产（TC-R1~R8） TC-R3: 修复后光照方向为 target(原点) − 灯世界位（含 three 默认局部 y+1 → [-15,-26,-10]）","status":"passed","title":"TC-R3: 修复后光照方向为 target(原点) − 灯世界位（含 three 默认局部 y+1 → [-15,-26,-10]）","duration":0.6755999999995765,"failureMessages":[],"meta":{}},{"ancestorTitles":["实时阴影补全：targetPosition 与场景资产（TC-R1~R8）"],"fullName":"实时阴影补全：targetPosition 与场景资产（TC-R1~R8） TC-R4: targetPosition getter 缺省 [0,0,0]，setter 同步 light.target.position","status":"passed","title":"TC-R4: targetPosition getter 缺省 [0,0,0]，setter 同步 light.target.position","duration":0.9209000000000742,"failureMessages":[],"meta":{}},{"ancestorTitles":["实时阴影补全：targetPosition 与场景资产（TC-R1~R8）"],"fullName":"实时阴影补全：targetPosition 与场景资产（TC-R1~R8） TC-R5: ComponentRegistry 工厂透传 targetPosition","status":"passed","title":"TC-R5: ComponentRegistry 工厂透传 targetPosition","duration":0.7624000000005253,"failureMessages":[],"meta":{}},{"ancestorTitles":["实时阴影补全：targetPosition 与场景资产（TC-R1~R8）"],"fullName":"实时阴影补全：targetPosition 与场景资产（TC-R1~R8） TC-R6: lightType 切换（directional→spot）保留 targetPosition","status":"passed","title":"TC-R6: lightType 切换（directional→spot）保留 targetPosition","duration":0.9000999999998385,"failureMessages":[],"meta":{}},{"ancestorTitles":["实时阴影补全：targetPosition 与场景资产（TC-R1~R8）"],"fullName":"实时阴影补全：targetPosition 与场景资产（TC-R1~R8） TC-R7: fish 三关卡 + base 场景 KeyLight 含 shadowExtent/shadowMapSize/targetPosition（资产样例）","status":"passed","title":"TC-R7: fish 三关卡 + base 场景 KeyLight 含 shadowExtent/shadowMapSize/targetPosition（资产样例）","duration":1.376800000000003,"failureMessages":[],"meta":{}},{"ancestorTitles":["实时阴影补全：targetPosition 与场景资产（TC-R1~R8）"],"fullName":"实时阴影补全：targetPosition 与场景资产（TC-R1~R8） TC-R8: 主菜单背景场景（fish.scene.json）有灯组、物体全部 kind standard（真阴影链路）","status":"passed","title":"TC-R8: 主菜单背景场景（fish.scene.json）有灯组、物体全部 kind standard（真阴影链路）","duration":2.258600000000115,"failureMessages":[],"meta":{}}],"startTime":1789527814641,"endTime":1789527816431.2585,"status":"passed","message":"","name":"E:/DemoStudio/tests/sceneShadow.test.ts"},{"assertionResults":[{"ancestorTitles":["模型行纯函数"],"fullName":"模型行纯函数 modelToRow：字符串条目 / 对象条目 / 空对象","status":"passed","title":"modelToRow：字符串条目 / 对象条目 / 空对象","duration":1.997400000000198,"failureMessages":[],"meta":{}},{"ancestorTitles":["模型行纯函数"],"fullName":"模型行纯函数 rowToModel：勾选视觉写 input，取消删 input 键；上下文非法删 contextWindow；未知字段透传","status":"passed","title":"rowToModel：勾选视觉写 input，取消删 input 键；上下文非法删 contextWindow；未知字段透传","duration":0.46849999999994907,"failureMessages":[],"meta":{}},{"ancestorTitles":["模型行纯函数"],"fullName":"模型行纯函数 buildModelsFromRows：去空白、按 ID 去重、全空返回空数组","status":"passed","title":"buildModelsFromRows：去空白、按 ID 去重、全空返回空数组","duration":0.8278000000000247,"failureMessages":[],"meta":{}},{"ancestorTitles":["模型行纯函数"],"fullName":"模型行纯函数 formatContextWindow：M/k/原值/空","status":"passed","title":"formatContextWindow：M/k/原值/空","duration":0.30780000000004293,"failureMessages":[],"meta":{}},{"ancestorTitles":["SettingsPanel 组件"],"fullName":"SettingsPanel 组件 编辑按钮只对存在用户级配置的供应商显示","status":"passed","title":"编辑按钮只对存在用户级配置的供应商显示","duration":353.50419999999986,"failureMessages":[],"meta":{}},{"ancestorTitles":["SettingsPanel 组件"],"fullName":"SettingsPanel 组件 编辑回填上下文，勾选视觉保存 → 载荷含 input 且保留 maxTokens","status":"passed","title":"编辑回填上下文，勾选视觉保存 → 载荷含 input 且保留 maxTokens","duration":174.35770000000048,"failureMessages":[],"meta":{}},{"ancestorTitles":["SettingsPanel 组件"],"fullName":"SettingsPanel 组件 已声明视觉的模型取消勾选 → 载荷删除 input 键，上下文保留","status":"passed","title":"已声明视觉的模型取消勾选 → 载荷删除 input 键，上下文保留","duration":108.17639999999938,"failureMessages":[],"meta":{}},{"ancestorTitles":["SettingsPanel 组件"],"fullName":"SettingsPanel 组件 Base URL 清空保存被拦截，不发 mutate","status":"passed","title":"Base URL 清空保存被拦截，不发 mutate","duration":125.11369999999988,"failureMessages":[],"meta":{}},{"ancestorTitles":["SettingsPanel 组件"],"fullName":"SettingsPanel 组件 添加自定义供应商：模型行带上下文与视觉，空行被过滤","status":"passed","title":"添加自定义供应商：模型行带上下文与视觉，空行被过滤","duration":108.54560000000038,"failureMessages":[],"meta":{}},{"ancestorTitles":["SettingsPanel 组件"],"fullName":"SettingsPanel 组件 添加自定义供应商：模型全空回落 default 占位","status":"passed","title":"添加自定义供应商：模型全空回落 default 占位","duration":69.50120000000061,"failureMessages":[],"meta":{}}],"startTime":1789527814438,"endTime":1789527815381.5012,"status":"passed","message":"","name":"E:/DemoStudio/tests/settingsPanelModels.test.tsx"},{"assertionResults":[{"ancestorTitles":["textureKeyToAssetPath（glob key → 注册路径）"],"fullName":"textureKeyToAssetPath（glob key → 注册路径） 相对 key（asset/index.ts 同目录 glob）前缀补 asset/","status":"passed","title":"相对 key（asset/index.ts 同目录 glob）前缀补 asset/","duration":0.8730999999997948,"failureMessages":[],"meta":{}},{"ancestorTitles":["textureKeyToAssetPath（glob key → 注册路径）"],"fullName":"textureKeyToAssetPath（glob key → 注册路径） 绝对 key（/projects/<name>/asset/...）截取 asset/ 段","status":"passed","title":"绝对 key（/projects/<name>/asset/...）截取 asset/ 段","duration":0.10740000000077998,"failureMessages":[],"meta":{}},{"ancestorTitles":["textureKeyToAssetPath（glob key → 注册路径）"],"fullName":"textureKeyToAssetPath（glob key → 注册路径） 已带 asset/ 前缀的 key 原样保留","status":"passed","title":"已带 asset/ 前缀的 key 原样保留","duration":0.06670000000030996,"failureMessages":[],"meta":{}},{"ancestorTitles":["TextureRegistry 注册与解析"],"fullName":"TextureRegistry 注册与解析 registerGlob 注册 asset/... 键并解析为打包 URL","status":"passed","title":"registerGlob 注册 asset/... 键并解析为打包 URL","duration":2.080200000000332,"failureMessages":[],"meta":{}},{"ancestorTitles":["TextureRegistry 注册与解析"],"fullName":"TextureRegistry 注册与解析 resolve 对外部 URL / 绝对路径 passthrough；asset/ 未注册路径返回 null（资产缺失信号）","status":"passed","title":"resolve 对外部 URL / 绝对路径 passthrough；asset/ 未注册路径返回 null（资产缺失信号）","duration":0.6822000000001935,"failureMessages":[],"meta":{}},{"ancestorTitles":["TextureRegistry 注册与解析"],"fullName":"TextureRegistry 注册与解析 模块缺 default URL 时跳过并保留其余注册","status":"passed","title":"模块缺 default URL 时跳过并保留其余注册","duration":0.6502000000000407,"failureMessages":[],"meta":{}},{"ancestorTitles":["TextureRegistry 注册与解析"],"fullName":"TextureRegistry 注册与解析 clearAll 清空注册表","status":"passed","title":"clearAll 清空注册表","duration":0.6566000000002532,"failureMessages":[],"meta":{}},{"ancestorTitles":["loadTexture 经 TextureRegistry 解析项目资产路径"],"fullName":"loadTexture 经 TextureRegistry 解析项目资产路径 注册路径加载返回 Texture 且同路径共享缓存实例","status":"passed","title":"注册路径加载返回 Texture 且同路径共享缓存实例","duration":1.9657999999999447,"failureMessages":[],"meta":{}},{"ancestorTitles":["SphereMeshComponent.hasTextureMap 语义"],"fullName":"SphereMeshComponent.hasTextureMap 语义 材质 map 为空 → false；setTexture 后 → true","status":"passed","title":"材质 map 为空 → false；setTexture 后 → true","duration":0.32400000000052387,"failureMessages":[],"meta":{}},{"ancestorTitles":["warm-current 贴图资产端到端"],"fullName":"warm-current 贴图资产端到端 registerWarmCurrentAssets 注册 SSS 天体贴图（glob 自动收集，零代码新增）","status":"passed","title":"registerWarmCurrentAssets 注册 SSS 天体贴图（glob 自动收集，零代码新增）","duration":9.565499999999702,"failureMessages":[],"meta":{}},{"ancestorTitles":["warm-current 贴图资产端到端"],"fullName":"warm-current 贴图资产端到端 clearProjectAssets 一并清空贴图注册表（切工程防残留）","status":"passed","title":"clearProjectAssets 一并清空贴图注册表（切工程防残留）","duration":9.038700000000063,"failureMessages":[],"meta":{}}],"startTime":1789527821761,"endTime":1789527821787.0388,"status":"passed","message":"","name":"E:/DemoStudio/tests/textureAsset.test.ts"},{"assertionResults":[{"ancestorTitles":["assetLint 贴图资产引用校验"],"fullName":"assetLint 贴图资产引用校验 SphereMeshComponent：已注册资产路径无违规","status":"passed","title":"SphereMeshComponent：已注册资产路径无违规","duration":28.80079999999998,"failureMessages":[],"meta":{}},{"ancestorTitles":["assetLint 贴图资产引用校验"],"fullName":"assetLint 贴图资产引用校验 SphereMeshComponent：asset/ 未注册路径 warn","status":"passed","title":"SphereMeshComponent：asset/ 未注册路径 warn","duration":5.593499999999949,"failureMessages":[],"meta":{}},{"ancestorTitles":["assetLint 贴图资产引用校验"],"fullName":"assetLint 贴图资产引用校验 SphereMeshComponent：外部 URL 与空注册表均不报","status":"passed","title":"SphereMeshComponent：外部 URL 与空注册表均不报","duration":0.984000000000151,"failureMessages":[],"meta":{}},{"ancestorTitles":["assetLint 贴图资产引用校验"],"fullName":"assetLint 贴图资产引用校验 SpriteComponent：texture 字段合法可写且走同一校验","status":"passed","title":"SpriteComponent：texture 字段合法可写且走同一校验","duration":2.103599999999915,"failureMessages":[],"meta":{}}],"startTime":1789527817243,"endTime":1789527817281.1035,"status":"passed","message":"","name":"E:/DemoStudio/tests/textureLint.test.ts"},{"assertionResults":[{"ancestorTitles":["ui_compile 新建资产（无法建立工作副本修复）"],"fullName":"ui_compile 新建资产（无法建立工作副本修复） 旧文件覆盖路径：json 已存在 → 编译+lint+落盘成功（回归保护）","status":"failed","title":"旧文件覆盖路径：json 已存在 → 编译+lint+落盘成功（回归保护）","duration":103.49529999999959,"failureMessages":["AssertionError: expected [ { line: +0, …(1) } ] to deeply equal []\n    at E:\\DemoStudio\\tests\\uiCompileNewAsset.test.ts:104:22\n    at processTicksAndRejections (node:internal/process/task_queues:104:5)\n    at file:///E:/DemoStudio/node_modules/@vitest/runner/dist/chunk-hooks.js:752:20"],"meta":{}},{"ancestorTitles":["ui_compile 新建资产（无法建立工作副本修复）"],"fullName":"ui_compile 新建资产（无法建立工作副本修复） 新建文件路径：json 不存在 → 修复后编译落盘成功（修复前报「无法建立工作副本」）","status":"failed","title":"新建文件路径：json 不存在 → 修复后编译落盘成功（修复前报「无法建立工作副本」）","duration":9.448600000000624,"failureMessages":["AssertionError: expected [ { line: +0, …(1) } ] to deeply equal []\n    at E:\\DemoStudio\\tests\\uiCompileNewAsset.test.ts:119:22\n    at processTicksAndRejections (node:internal/process/task_queues:104:5)\n    at file:///E:/DemoStudio/node_modules/@vitest/runner/dist/chunk-hooks.js:752:20"],"meta":{}},{"ancestorTitles":["ui_compile 新建资产（无法建立工作副本修复）"],"fullName":"ui_compile 新建资产（无法建立工作副本修复） 新建文件路径：json 与源文件都缺失 → 仍报「源文件不存在」（错误语义不混淆）","status":"passed","title":"新建文件路径：json 与源文件都缺失 → 仍报「源文件不存在」（错误语义不混淆）","duration":3.2671000000000276,"failureMessages":[],"meta":{}}],"startTime":1789527816950,"endTime":1789527817066.267,"status":"failed","message":"","name":"E:/DemoStudio/tests/uiCompileNewAsset.test.ts"},{"assertionResults":[{"ancestorTitles":["hitTest 归位契约（hitTest 只归位 CanvasUIComponent 块）"],"fullName":"hitTest 归位契约（hitTest 只归位 CanvasUIComponent 块） 编译：功能块（UIImage/UIText/UITextInput）不再携带 hitTest，marker 块独占","status":"passed","title":"编译：功能块（UIImage/UIText/UITextInput）不再携带 hitTest，marker 块独占","duration":15.334899999999834,"failureMessages":[],"meta":{}},{"ancestorTitles":["hitTest 归位契约（hitTest 只归位 CanvasUIComponent 块）"],"fullName":"hitTest 归位契约（hitTest 只归位 CanvasUIComponent 块） 编译：pointer-events:none 节点的 hitTestInvisible 仍正确落入 marker 块","status":"passed","title":"编译：pointer-events:none 节点的 hitTestInvisible 仍正确落入 marker 块","duration":3.007400000000416,"failureMessages":[],"meta":{}},{"ancestorTitles":["hitTest 归位契约（hitTest 只归位 CanvasUIComponent 块）"],"fullName":"hitTest 归位契约（hitTest 只归位 CanvasUIComponent 块） 编译产物全树无任何功能块携带 hitTest（base_hud 同源回归）","status":"passed","title":"编译产物全树无任何功能块携带 hitTest（base_hud 同源回归）","duration":3.3693999999995867,"failureMessages":[],"meta":{}},{"ancestorTitles":["hitTest 归位契约（hitTest 只归位 CanvasUIComponent 块）"],"fullName":"hitTest 归位契约（hitTest 只归位 CanvasUIComponent 块） 反编译：hitTestInvisible 语义由 marker 块通道还原（pointer-events:none）","status":"passed","title":"反编译：hitTestInvisible 语义由 marker 块通道还原（pointer-events:none）","duration":3.791500000000269,"failureMessages":[],"meta":{}},{"ancestorTitles":["hitTest 归位契约（hitTest 只归位 CanvasUIComponent 块）"],"fullName":"hitTest 归位契约（hitTest 只归位 CanvasUIComponent 块） 反编译：孤立的功能块 hitTest（历史脏数据）不再产生 pointer-events:none","status":"passed","title":"反编译：孤立的功能块 hitTest（历史脏数据）不再产生 pointer-events:none","duration":0.6693999999997686,"failureMessages":[],"meta":{}},{"ancestorTitles":["hitTest 归位契约（hitTest 只归位 CanvasUIComponent 块）"],"fullName":"hitTest 归位契约（hitTest 只归位 CanvasUIComponent 块） schema：assetLint 对功能块 hitTest 按 schema 声明分流（兼容字段放行，未声明拦截）","status":"passed","title":"schema：assetLint 对功能块 hitTest 按 schema 声明分流（兼容字段放行，未声明拦截）","duration":2.421299999999974,"failureMessages":[],"meta":{}},{"ancestorTitles":["hitTest 归位契约（hitTest 只归位 CanvasUIComponent 块）"],"fullName":"hitTest 归位契约（hitTest 只归位 CanvasUIComponent 块） schema：CanvasUIComponent 块的 hitTest 依然放行（唯一归属地）","status":"passed","title":"schema：CanvasUIComponent 块的 hitTest 依然放行（唯一归属地）","duration":0.3344999999999345,"failureMessages":[],"meta":{}},{"ancestorTitles":["hitTest 归位契约（hitTest 只归位 CanvasUIComponent 块）"],"fullName":"hitTest 归位契约（hitTest 只归位 CanvasUIComponent 块） 资产：base_hud.widget.json 无任何功能块携带 hitTest（有则必须在 CanvasUIComponent 块）","status":"passed","title":"资产：base_hud.widget.json 无任何功能块携带 hitTest（有则必须在 CanvasUIComponent 块）","duration":1.4523999999992157,"failureMessages":[],"meta":{}},{"ancestorTitles":["hitTest 归位契约（hitTest 只归位 CanvasUIComponent 块）"],"fullName":"hitTest 归位契约（hitTest 只归位 CanvasUIComponent 块） 引擎：UIText/UIImage 的 Inspector 可编辑属性与持久化输出均不含 hitTest（继承面归位）","status":"passed","title":"引擎：UIText/UIImage 的 Inspector 可编辑属性与持久化输出均不含 hitTest（继承面归位）","duration":80.92839999999978,"failureMessages":[],"meta":{}},{"ancestorTitles":["hitTest 归位契约（hitTest 只归位 CanvasUIComponent 块）"],"fullName":"hitTest 归位契约（hitTest 只归位 CanvasUIComponent 块） 资产：base_hud.widget.json 全文档 assetLint 零 error（含 doc:blueprint + comp:* + ui-design）","status":"passed","title":"资产：base_hud.widget.json 全文档 assetLint 零 error（含 doc:blueprint + comp:* + ui-design）","duration":7.320099999999911,"failureMessages":[],"meta":{}}],"startTime":1789527815106,"endTime":1789527815225.32,"status":"passed","message":"","name":"E:/DemoStudio/tests/uiHitTest.test.ts"},{"assertionResults":[{"ancestorTitles":["新契约（改造后行为）"],"fullName":"新契约（改造后行为） VisBinder.set(false) → 目标节点 bActive=false 且整树 root.visible=false","status":"failed","title":"VisBinder.set(false) → 目标节点 bActive=false 且整树 root.visible=false","duration":9.735499999999774,"failureMessages":["AssertionError: 应走 bActive 而非 visible: expected true to be false // Object.is equality\n    at E:\\DemoStudio\\tests\\uiPanelDeactivate.test.ts:39:51\n    at file:///E:/DemoStudio/node_modules/@vitest/runner/dist/chunk-hooks.js:155:11\n    at file:///E:/DemoStudio/node_modules/@vitest/runner/dist/chunk-hooks.js:752:26\n    at file:///E:/DemoStudio/node_modules/@vitest/runner/dist/chunk-hooks.js:1897:20\n    at new Promise (<anonymous>)\n    at runWithTimeout (file:///E:/DemoStudio/node_modules/@vitest/runner/dist/chunk-hooks.js:1863:10)\n    at runTest (file:///E:/DemoStudio/node_modules/@vitest/runner/dist/chunk-hooks.js:1574:12)\n    at processTicksAndRejections (node:internal/process/task_queues:104:5)\n    at runSuite (file:///E:/DemoStudio/node_modules/@vitest/runner/dist/chunk-hooks.js:1729:8)\n    at runSuite (file:///E:/DemoStudio/node_modules/@vitest/runner/dist/chunk-hooks.js:1729:8)"],"meta":{}},{"ancestorTitles":["新契约（改造后行为）"],"fullName":"新契约（改造后行为） VisBinder.set(true) → bActive=true 且整树恢复","status":"failed","title":"VisBinder.set(true) → bActive=true 且整树恢复","duration":1.3380999999999403,"failureMessages":["AssertionError: expected true to be false // Object.is equality\n    at E:\\DemoStudio\\tests\\uiPanelDeactivate.test.ts:53:31\n    at file:///E:/DemoStudio/node_modules/@vitest/runner/dist/chunk-hooks.js:155:11\n    at file:///E:/DemoStudio/node_modules/@vitest/runner/dist/chunk-hooks.js:752:26\n    at file:///E:/DemoStudio/node_modules/@vitest/runner/dist/chunk-hooks.js:1897:20\n    at new Promise (<anonymous>)\n    at runWithTimeout (file:///E:/DemoStudio/node_modules/@vitest/runner/dist/chunk-hooks.js:1863:10)\n    at runTest (file:///E:/DemoStudio/node_modules/@vitest/runner/dist/chunk-hooks.js:1574:12)\n    at processTicksAndRejections (node:internal/process/task_queues:104:5)\n    at runSuite (file:///E:/DemoStudio/node_modules/@vitest/runner/dist/chunk-hooks.js:1729:8)\n    at runSuite (file:///E:/DemoStudio/node_modules/@vitest/runner/dist/chunk-hooks.js:1729:8)"],"meta":{}},{"ancestorTitles":["新契约（改造后行为）"],"fullName":"新契约（改造后行为） 节点不存在时安全 no-op（不抛错）","status":"passed","title":"节点不存在时安全 no-op（不抛错）","duration":0.9780000000000655,"failureMessages":[],"meta":{}},{"ancestorTitles":["新契约（改造后行为）"],"fullName":"新契约（改造后行为） VisBinder 差分缓存：同值重复 set 被跳过（按节点名缓存）","status":"failed","title":"VisBinder 差分缓存：同值重复 set 被跳过（按节点名缓存）","duration":0.769800000000032,"failureMessages":["AssertionError: expected true to be false // Object.is equality\n    at E:\\DemoStudio\\tests\\uiPanelDeactivate.test.ts:70:26\n    at file:///E:/DemoStudio/node_modules/@vitest/runner/dist/chunk-hooks.js:155:11\n    at file:///E:/DemoStudio/node_modules/@vitest/runner/dist/chunk-hooks.js:752:26\n    at file:///E:/DemoStudio/node_modules/@vitest/runner/dist/chunk-hooks.js:1897:20\n    at new Promise (<anonymous>)\n    at runWithTimeout (file:///E:/DemoStudio/node_modules/@vitest/runner/dist/chunk-hooks.js:1863:10)\n    at runTest (file:///E:/DemoStudio/node_modules/@vitest/runner/dist/chunk-hooks.js:1574:12)\n    at processTicksAndRejections (node:internal/process/task_queues:104:5)\n    at runSuite (file:///E:/DemoStudio/node_modules/@vitest/runner/dist/chunk-hooks.js:1729:8)\n    at runSuite (file:///E:/DemoStudio/node_modules/@vitest/runner/dist/chunk-hooks.js:1729:8)"],"meta":{}},{"ancestorTitles":["引擎既有能力（bActive 整树级联 · 改造依赖的基础）"],"fullName":"引擎既有能力（bActive 整树级联 · 改造依赖的基础） bActive=false 级联整树（root.visible 全 false）","status":"passed","title":"bActive=false 级联整树（root.visible 全 false）","duration":0.40190000000029613,"failureMessages":[],"meta":{}},{"ancestorTitles":["引擎既有能力（bActive 整树级联 · 改造依赖的基础）"],"fullName":"引擎既有能力（bActive 整树级联 · 改造依赖的基础） bActive=true 恢复整树可见","status":"passed","title":"bActive=true 恢复整树可见","duration":0.24829999999974461,"failureMessages":[],"meta":{}},{"ancestorTitles":["findChild（VisBinder 依赖的查找工具 · 行为锁定）"],"fullName":"findChild（VisBinder 依赖的查找工具 · 行为锁定） 按 root.name 精确匹配递归查找","status":"passed","title":"按 root.name 精确匹配递归查找","duration":0.21480000000019572,"failureMessages":[],"meta":{}},{"ancestorTitles":["findChild（VisBinder 依赖的查找工具 · 行为锁定）"],"fullName":"findChild（VisBinder 依赖的查找工具 · 行为锁定） 查找起点为 null 返回 null","status":"passed","title":"查找起点为 null 返回 null","duration":0.07240000000001601,"failureMessages":[],"meta":{}}],"startTime":1789527819569,"endTime":1789527819583.2483,"status":"failed","message":"","name":"E:/DemoStudio/tests/uiPanelDeactivate.test.ts"},{"assertionResults":[{"ancestorTitles":["P2 一元化目标：1px = 1 世界单位（已启用）"],"fullName":"P2 一元化目标：1px = 1 世界单位（已启用） 编译端：json 几何字段直接 = px（342px → worldWidth 342，无米制换算）","status":"passed","title":"编译端：json 几何字段直接 = px（342px → worldWidth 342，无米制换算）","duration":11.996499999999969,"failureMessages":[],"meta":{}},{"ancestorTitles":["P2 一元化目标：1px = 1 世界单位（已启用）"],"fullName":"P2 一元化目标：1px = 1 世界单位（已启用） <widget world> 属性废弃：不再影响任何落盘数值（对应 P1 的翻倍缺陷归零）","status":"passed","title":"<widget world> 属性废弃：不再影响任何落盘数值（对应 P1 的翻倍缺陷归零）","duration":3.1112000000000535,"failureMessages":[],"meta":{}},{"ancestorTitles":["P2 一元化目标：1px = 1 世界单位（已启用）"],"fullName":"P2 一元化目标：1px = 1 世界单位（已启用） 画布无关：960px toast 与 1920px 全屏下同 px 设计产生相同 json 数值","status":"passed","title":"画布无关：960px toast 与 1920px 全屏下同 px 设计产生相同 json 数值","duration":2.9635000000000673,"failureMessages":[],"meta":{}},{"ancestorTitles":["P2 一元化目标：1px = 1 世界单位（已启用）"],"fullName":"P2 一元化目标：1px = 1 世界单位（已启用） 量化归零：任意 canvas/world 组合下非整 px 尺寸（36.4px）无损落盘（对应 P1 的 0.3792 丢真归零）","status":"passed","title":"量化归零：任意 canvas/world 组合下非整 px 尺寸（36.4px）无损落盘（对应 P1 的 0.3792 丢真归零）","duration":1.7665999999999258,"failureMessages":[],"meta":{}},{"ancestorTitles":["P2 一元化目标：1px = 1 世界单位（已启用）"],"fullName":"P2 一元化目标：1px = 1 世界单位（已启用） 换算函数退场：widgetMapping 不再导出 pxToWorld*/worldToPx*","status":"passed","title":"换算函数退场：widgetMapping 不再导出 pxToWorld*/worldToPx*","duration":0.6192000000000917,"failureMessages":[],"meta":{}},{"ancestorTitles":["P2 一元化目标：1px = 1 世界单位（已启用）"],"fullName":"P2 一元化目标：1px = 1 世界单位（已启用） round-trip 几何保真：html → json → html' → json' 逐节点几何字段相等","status":"passed","title":"round-trip 几何保真：html → json → html' → json' 逐节点几何字段相等","duration":18.172800000000052,"failureMessages":[],"meta":{}}],"startTime":1789527815719,"endTime":1789527815758.1729,"status":"passed","message":"","name":"E:/DemoStudio/tests/uiUnitUnification.test.ts"},{"assertionResults":[{"ancestorTitles":["P0 概念基线：contain 视锥与投影坐标系（实现前后不变）"],"fullName":"P0 概念基线：contain 视锥与投影坐标系（实现前后不变） TC-B0.1 16:9 视口：视锥恰为画布 1920×1080（精确铺满）","status":"passed","title":"TC-B0.1 16:9 视口：视锥恰为画布 1920×1080（精确铺满）","duration":4.529300000000148,"failureMessages":[],"meta":{}},{"ancestorTitles":["P0 概念基线：contain 视锥与投影坐标系（实现前后不变）"],"fullName":"P0 概念基线：contain 视锥与投影坐标系（实现前后不变） TC-B0.1 4:3 视口(1440×1080)：视锥 1920×1440——宽度方向铺满、高度方向留空（视锥恒 ⊇ 画布）","status":"passed","title":"TC-B0.1 4:3 视口(1440×1080)：视锥 1920×1440——宽度方向铺满、高度方向留空（视锥恒 ⊇ 画布）","duration":0.7039000000004307,"failureMessages":[],"meta":{}},{"ancestorTitles":["P0 概念基线：contain 视锥与投影坐标系（实现前后不变）"],"fullName":"P0 概念基线：contain 视锥与投影坐标系（实现前后不变） TC-B0.1 超宽视口(2560×1080)：视锥 2560×1080——高度铺满、两侧留空","status":"passed","title":"TC-B0.1 超宽视口(2560×1080)：视锥 2560×1080——高度铺满、两侧留空","duration":0.3550999999997657,"failureMessages":[],"meta":{}},{"ancestorTitles":["P0 概念基线：contain 视锥与投影坐标系（实现前后不变）"],"fullName":"P0 概念基线：contain 视锥与投影坐标系（实现前后不变） TC-B0.2 projectToUi：世界原点 → [960,540]（角原点像素、y 向上的屏幕语言）","status":"passed","title":"TC-B0.2 projectToUi：世界原点 → [960,540]（角原点像素、y 向上的屏幕语言）","duration":0.7533999999996013,"failureMessages":[],"meta":{}},{"ancestorTitles":["P2 目标：UIManager.relayoutForViewport（实现已落地）"],"fullName":"P2 目标：UIManager.relayoutForViewport（实现已落地） TC-B2.11 16:9 视锥(1920×1080) relayout 后根保持 1920×1080（现状视觉不变锚定）","status":"passed","title":"TC-B2.11 16:9 视锥(1920×1080) relayout 后根保持 1920×1080（现状视觉不变锚定）","duration":39.91960000000017,"failureMessages":[],"meta":{}},{"ancestorTitles":["P2 目标：UIManager.relayoutForViewport（实现已落地）"],"fullName":"P2 目标：UIManager.relayoutForViewport（实现已落地） TC-B2.1 4:3 视锥(1920×1440)：全屏根重排为 1920×1440（根 = 视锥，铺满）","status":"passed","title":"TC-B2.1 4:3 视锥(1920×1440)：全屏根重排为 1920×1440（根 = 视锥，铺满）","duration":4.84940000000006,"failureMessages":[],"meta":{}},{"ancestorTitles":["P2 目标：UIManager.relayoutForViewport（实现已落地）"],"fullName":"P2 目标：UIManager.relayoutForViewport（实现已落地） TC-B2.3 stretch 子节点铺满新容器（1920×1440）","status":"passed","title":"TC-B2.3 stretch 子节点铺满新容器（1920×1440）","duration":4.165399999999863,"failureMessages":[],"meta":{}},{"ancestorTitles":["P2 目标：UIManager.relayoutForViewport（实现已落地）"],"fullName":"P2 目标：UIManager.relayoutForViewport（实现已落地） TC-B2.4 top-right 锚点子节点位置按新容器重算：x=(960-36)-24=900, y=(720-36)-24=660","status":"passed","title":"TC-B2.4 top-right 锚点子节点位置按新容器重算：x=(960-36)-24=900, y=(720-36)-24=660","duration":5.806700000000092,"failureMessages":[],"meta":{}},{"ancestorTitles":["P2 目标：UIManager.relayoutForViewport（实现已落地）"],"fullName":"P2 目标：UIManager.relayoutForViewport（实现已落地） TC-B2.5 浮层 widget（120×40）不参与重排","status":"passed","title":"TC-B2.5 浮层 widget（120×40）不参与重排","duration":6.559699999999793,"failureMessages":[],"meta":{}},{"ancestorTitles":["P2 目标：UIManager.relayoutForViewport（实现已落地）"],"fullName":"P2 目标：UIManager.relayoutForViewport（实现已落地） TC-B2.5b markerOnly 容器根（高 ≥ 540）同样参与重排","status":"passed","title":"TC-B2.5b markerOnly 容器根（高 ≥ 540）同样参与重排","duration":3.0429999999996653,"failureMessages":[],"meta":{}},{"ancestorTitles":["P2 目标：UIManager.relayoutForViewport（实现已落地）"],"fullName":"P2 目标：UIManager.relayoutForViewport（实现已落地） TC-B2.8 同视锥重复 relayout 幂等（子节点位置稳定）","status":"passed","title":"TC-B2.8 同视锥重复 relayout 幂等（子节点位置稳定）","duration":3.2224000000005617,"failureMessages":[],"meta":{}},{"ancestorTitles":["P2 目标：UIManager.relayoutForViewport（实现已落地）"],"fullName":"P2 目标：UIManager.relayoutForViewport（实现已落地） TC-B2.9 无 HUD 时 relayoutForViewport 无操作不抛错","status":"passed","title":"TC-B2.9 无 HUD 时 relayoutForViewport 无操作不抛错","duration":2.0702000000001135,"failureMessages":[],"meta":{}},{"ancestorTitles":["P2 目标：UIManager.relayoutForViewport（实现已落地）"],"fullName":"P2 目标：UIManager.relayoutForViewport（实现已落地） TC-B2.10 重排不重建 mesh/纹理（material 引用不变，仅 scale/position 变化）","status":"passed","title":"TC-B2.10 重排不重建 mesh/纹理（material 引用不变，仅 scale/position 变化）","duration":6.645100000000639,"failureMessages":[],"meta":{}},{"ancestorTitles":["P2 目标：SceneRendererComponent resize → relayout 联动"],"fullName":"P2 目标：SceneRendererComponent resize → relayout 联动 TC-B2.7 resize 路径联动：container 尺寸变化 → relayout 全屏根到新视锥","status":"passed","title":"TC-B2.7 resize 路径联动：container 尺寸变化 → relayout 全屏根到新视锥","duration":7.824299999999312,"failureMessages":[],"meta":{}}],"startTime":1789527816434,"endTime":1789527816524.8242,"status":"passed","message":"","name":"E:/DemoStudio/tests/uiViewportRelayout.test.ts"},{"assertionResults":[{"ancestorTitles":["P0：UICamera.projectToUi 投影工具"],"fullName":"P0：UICamera.projectToUi 投影工具 TC-W0.1 屏幕正中世界点投影为 [960, 540]","status":"passed","title":"TC-W0.1 屏幕正中世界点投影为 [960, 540]","duration":2.970200000000659,"failureMessages":[],"meta":{}},{"ancestorTitles":["P0：UICamera.projectToUi 投影工具"],"fullName":"P0：UICamera.projectToUi 投影工具 TC-W0.1 NDC 换算与手算一致（45° fov、16:9、距离 10）","status":"passed","title":"TC-W0.1 NDC 换算与手算一致（45° fov、16:9、距离 10）","duration":0.4454999999998108,"failureMessages":[],"meta":{}},{"ancestorTitles":["P0：UICamera.projectToUi 投影工具"],"fullName":"P0：UICamera.projectToUi 投影工具 TC-W0.2 相机背面的点返回 null（不产生镜像坐标）","status":"passed","title":"TC-W0.2 相机背面的点返回 null（不产生镜像坐标）","duration":0.3085000000000946,"failureMessages":[],"meta":{}},{"ancestorTitles":["P0：UICamera.projectToUi 投影工具"],"fullName":"P0：UICamera.projectToUi 投影工具 TC-W0.1 视锥外的点（背面除外）仍返回坐标（钳制交给上层）","status":"passed","title":"TC-W0.1 视锥外的点（背面除外）仍返回坐标（钳制交给上层）","duration":0.1804999999994834,"failureMessages":[],"meta":{}},{"ancestorTitles":["P0：UICamera.projectToUi 投影工具"],"fullName":"P0：UICamera.projectToUi 投影工具 TC-W0.1 无相机时返回 null","status":"passed","title":"TC-W0.1 无相机时返回 null","duration":0.08690000000024156,"failureMessages":[],"meta":{}},{"ancestorTitles":["P1：UIWorldAnchorComponent screen 模式（锚定跟随）"],"fullName":"P1：UIWorldAnchorComponent screen 模式（锚定跟随） TC-W1.1 每帧根 UITransform position == projectToUi(锚点世界坐标)","status":"passed","title":"TC-W1.1 每帧根 UITransform position == projectToUi(锚点世界坐标)","duration":44.08759999999984,"failureMessages":[],"meta":{}},{"ancestorTitles":["P1：UIWorldAnchorComponent screen 模式（锚定跟随）"],"fullName":"P1：UIWorldAnchorComponent screen 模式（锚定跟随） TC-W1.1 锚点 = target 世界位置 + localOffset","status":"passed","title":"TC-W1.1 锚点 = target 世界位置 + localOffset","duration":5.501200000000608,"failureMessages":[],"meta":{}},{"ancestorTitles":["P1：UIWorldAnchorComponent screen 模式（锚定跟随）"],"fullName":"P1：UIWorldAnchorComponent screen 模式（锚定跟随） TC-W1.2 constantScreenSize=true：widget 屏幕像素尺寸不随距离变化","status":"passed","title":"TC-W1.2 constantScreenSize=true：widget 屏幕像素尺寸不随距离变化","duration":7.481400000000576,"failureMessages":[],"meta":{}},{"ancestorTitles":["P1：UIWorldAnchorComponent screen 模式（锚定跟随）"],"fullName":"P1：UIWorldAnchorComponent screen 模式（锚定跟随） TC-W1.2 constantScreenSize=false：尺寸随距离反比缩放（近大远小）","status":"passed","title":"TC-W1.2 constantScreenSize=false：尺寸随距离反比缩放（近大远小）","duration":5.942500000000109,"failureMessages":[],"meta":{}},{"ancestorTitles":["P1：UIWorldAnchorComponent screen 模式（锚定跟随）"],"fullName":"P1：UIWorldAnchorComponent screen 模式（锚定跟随） TC-W1.3 clamping=clamp：锚点移出视口时钳在安全区（5% 内缩）","status":"passed","title":"TC-W1.3 clamping=clamp：锚点移出视口时钳在安全区（5% 内缩）","duration":4.0437999999994645,"failureMessages":[],"meta":{}},{"ancestorTitles":["P1：UIWorldAnchorComponent screen 模式（锚定跟随）"],"fullName":"P1：UIWorldAnchorComponent screen 模式（锚定跟随） TC-W1.4 锚点落在相机背后 → 整树隐藏；回正恢复","status":"passed","title":"TC-W1.4 锚点落在相机背后 → 整树隐藏；回正恢复","duration":3.0652000000000044,"failureMessages":[],"meta":{}},{"ancestorTitles":["P1：UIWorldAnchorComponent screen 模式（锚定跟随）"],"fullName":"P1：UIWorldAnchorComponent screen 模式（锚定跟随） TC-W1.7 release() 销毁 widget；destroyAll 后无悬挂","status":"passed","title":"TC-W1.7 release() 销毁 widget；destroyAll 后无悬挂","duration":7.738599999999678,"failureMessages":[],"meta":{}},{"ancestorTitles":["P1：UIWorldAnchorComponent screen 模式（锚定跟随）"],"fullName":"P1：UIWorldAnchorComponent screen 模式（锚定跟随） TC-W1.7 target 被销毁 → widget 自动销毁","status":"passed","title":"TC-W1.7 target 被销毁 → widget 自动销毁","duration":8.429199999999582,"failureMessages":[],"meta":{}},{"ancestorTitles":["P1：DamageNumberFx.showAtWorld（池化 + 上限）"],"fullName":"P1：DamageNumberFx.showAtWorld（池化 + 上限） TC-W1.6 连发 20 个：同屏实例数不超池上限，随时间释放后补位","status":"passed","title":"TC-W1.6 连发 20 个：同屏实例数不超池上限，随时间释放后补位","duration":34.34430000000066,"failureMessages":[],"meta":{}},{"ancestorTitles":["P1：DamageNumberFx.showAtWorld（池化 + 上限）"],"fullName":"P1：DamageNumberFx.showAtWorld（池化 + 上限） TC-W1.6 数字从世界锚点位置出现（px 投影正确）","status":"passed","title":"TC-W1.6 数字从世界锚点位置出现（px 投影正确）","duration":3.3154999999997017,"failureMessages":[],"meta":{}},{"ancestorTitles":["P2：UIWorldAnchorComponent world 模式（世界空间面板）"],"fullName":"P2：UIWorldAnchorComponent world 模式（世界空间面板） TC-W2.1 mode=world：Actor 归 UIManager 管理、mesh 挂主场景","status":"passed","title":"TC-W2.1 mode=world：Actor 归 UIManager 管理、mesh 挂主场景","duration":3.1361000000006243,"failureMessages":[],"meta":{}},{"ancestorTitles":["P2：UIWorldAnchorComponent world 模式（世界空间面板）"],"fullName":"P2：UIWorldAnchorComponent world 模式（世界空间面板） TC-W2.1 screen 模式（缺省）仍挂 uiScene","status":"passed","title":"TC-W2.1 screen 模式（缺省）仍挂 uiScene","duration":1.9822000000003754,"failureMessages":[],"meta":{}},{"ancestorTitles":["P2：UIWorldAnchorComponent world 模式（世界空间面板）"],"fullName":"P2：UIWorldAnchorComponent world 模式（世界空间面板） TC-W2.2 尺寸换算：1920×1080 画布 + pxPerMeter=200 → 根 scale 换算，设计 px 保持 1920×1080","status":"passed","title":"TC-W2.2 尺寸换算：1920×1080 画布 + pxPerMeter=200 → 根 scale 换算，设计 px 保持 1920×1080","duration":2.9187999999994645,"failureMessages":[],"meta":{}},{"ancestorTitles":["P2：UIWorldAnchorComponent world 模式（世界空间面板）"],"fullName":"P2：UIWorldAnchorComponent world 模式（世界空间面板） TC-W2.2 pixelDensity=2：canvas 纹理翻倍（3840×2160→7680×4320）、设计尺寸不变","status":"passed","title":"TC-W2.2 pixelDensity=2：canvas 纹理翻倍（3840×2160→7680×4320）、设计尺寸不变","duration":3.61869999999999,"failureMessages":[],"meta":{}},{"ancestorTitles":["P2：UIWorldAnchorComponent world 模式（世界空间面板）"],"fullName":"P2：UIWorldAnchorComponent world 模式（世界空间面板） TC-W2.5 BeginPlay 后子树 clickable 全部切 world 层","status":"passed","title":"TC-W2.5 BeginPlay 后子树 clickable 全部切 world 层","duration":4.389299999999821,"failureMessages":[],"meta":{}},{"ancestorTitles":["P2：UIWorldAnchorComponent world 模式（世界空间面板）"],"fullName":"P2：UIWorldAnchorComponent world 模式（世界空间面板） TC-W2.4 faceCamera=true：面板根四元数每帧对齐相机；false 保持静态","status":"passed","title":"TC-W2.4 faceCamera=true：面板根四元数每帧对齐相机；false 保持静态","duration":5.513700000000426,"failureMessages":[],"meta":{}},{"ancestorTitles":["P2：UIWorldAnchorComponent world 模式（世界空间面板）"],"fullName":"P2：UIWorldAnchorComponent world 模式（世界空间面板） TC-W2.6 world 面板树内 zOrder 语义不变（reassignTreeOrder 按树序递增、低位起步）","status":"passed","title":"TC-W2.6 world 面板树内 zOrder 语义不变（reassignTreeOrder 按树序递增、低位起步）","duration":8.447400000000016,"failureMessages":[],"meta":{}},{"ancestorTitles":["P2：UIWorldAnchorComponent world 模式（世界空间面板）"],"fullName":"P2：UIWorldAnchorComponent world 模式（世界空间面板） TC-W2.5 无 target 的 world 面板不做逐帧投影（位姿静态/仅 billboard）","status":"passed","title":"TC-W2.5 无 target 的 world 面板不做逐帧投影（位姿静态/仅 billboard）","duration":4.186300000000301,"failureMessages":[],"meta":{}},{"ancestorTitles":["UIWorldAnchorComponent 配置面"],"fullName":"UIWorldAnchorComponent 配置面 缺省值：mode=screen、pxPerMeter=200、pixelDensity=1、clamping=none","status":"passed","title":"缺省值：mode=screen、pxPerMeter=200、pixelDensity=1、clamping=none","duration":0.965900000000147,"failureMessages":[],"meta":{}},{"ancestorTitles":["UIWorldAnchorComponent 配置面"],"fullName":"UIWorldAnchorComponent 配置面 getPersistentProps 输出全量可持久化字段（camelCase）","status":"passed","title":"getPersistentProps 输出全量可持久化字段（camelCase）","duration":0.5351000000000568,"failureMessages":[],"meta":{}},{"ancestorTitles":["UIManager.spawnAnchoredWidget 边界"],"fullName":"UIManager.spawnAnchoredWidget 边界 无 anchor 组件的 widget 自动补挂（复用任意现有 widget）","status":"passed","title":"无 anchor 组件的 widget 自动补挂（复用任意现有 widget）","duration":3.951299999999719,"failureMessages":[],"meta":{}},{"ancestorTitles":["UIManager.spawnAnchoredWidget 边界"],"fullName":"UIManager.spawnAnchoredWidget 边界 资产不存在返回 null（不抛异常）","status":"passed","title":"资产不存在返回 null（不抛异常）","duration":4.372299999999996,"failureMessages":[],"meta":{}},{"ancestorTitles":["UIManager.spawnAnchoredWidget 边界"],"fullName":"UIManager.spawnAnchoredWidget 边界 UIManager 导出 AnchoredWidgetHandle 可用（类型面）","status":"passed","title":"UIManager 导出 AnchoredWidgetHandle 可用（类型面）","duration":0.3404000000000451,"failureMessages":[],"meta":{}}],"startTime":1789527816436,"endTime":1789527816609.3723,"status":"passed","message":"","name":"E:/DemoStudio/tests/uiWorldSpace.test.ts"},{"assertionResults":[{"ancestorTitles":["UIMaskComponent.applyScissor — world rect → screen pixels"],"fullName":"UIMaskComponent.applyScissor — world rect → screen pixels 相机在原点、zoom=1：mask(4×2 @0,0) → 居中 200×100 @(400,200)","status":"passed","title":"相机在原点、zoom=1：mask(4×2 @0,0) → 居中 200×100 @(400,200)","duration":44.08490000000006,"failureMessages":[],"meta":{}},{"ancestorTitles":["UIMaskComponent.applyScissor — world rect → screen pixels"],"fullName":"UIMaskComponent.applyScissor — world rect → screen pixels mask 偏移：mask(4×2 @2,1) → 左下角 (500,250)","status":"passed","title":"mask 偏移：mask(4×2 @2,1) → 左下角 (500,250)","duration":5.266599999999926,"failureMessages":[],"meta":{}},{"ancestorTitles":["UIMaskComponent.applyScissor — world rect → screen pixels"],"fullName":"UIMaskComponent.applyScissor — world rect → screen pixels 相机平移 (+2,+1)：scissor 随相机反方向移动 → (300,150)","status":"passed","title":"相机平移 (+2,+1)：scissor 随相机反方向移动 → (300,150)","duration":3.8148999999998523,"failureMessages":[],"meta":{}},{"ancestorTitles":["UIMaskComponent.applyScissor — world rect → screen pixels"],"fullName":"UIMaskComponent.applyScissor — world rect → screen pixels 相机缩放 zoom=2：scissor 放大一倍 → (300,150) 400×200","status":"passed","title":"相机缩放 zoom=2：scissor 放大一倍 → (300,150) 400×200","duration":3.6812999999999647,"failureMessages":[],"meta":{}},{"ancestorTitles":["UIMaskComponent.applyScissor — world rect → screen pixels"],"fullName":"UIMaskComponent.applyScissor — world rect → screen pixels 平移 + 缩放组合：相机(+1,+0.5) zoom=2 → (200,100) 400×200","status":"passed","title":"平移 + 缩放组合：相机(+1,+0.5) zoom=2 → (200,100) 400×200","duration":3.2606000000000677,"failureMessages":[],"meta":{}},{"ancestorTitles":["UIMaskComponent.applyScissor — world rect → screen pixels"],"fullName":"UIMaskComponent.applyScissor — world rect → screen pixels 退化为 0 尺寸的 mask 链 → scissor 归零（对象完全不可见）","status":"passed","title":"退化为 0 尺寸的 mask 链 → scissor 归零（对象完全不可见）","duration":3.0562999999999647,"failureMessages":[],"meta":{}},{"ancestorTitles":["UIMaskComponent.applyScissor — world rect → screen pixels"],"fullName":"UIMaskComponent.applyScissor — world rect → screen pixels 渲染后关闭 scissor test（onAfterRender 恢复状态）","status":"passed","title":"渲染后关闭 scissor test（onAfterRender 恢复状态）","duration":3.411600000000135,"failureMessages":[],"meta":{}}],"startTime":1789527815947,"endTime":1789527816014.4116,"status":"passed","message":"","name":"E:/DemoStudio/tests/ui_mask_scissor.test.ts"},{"assertionResults":[{"ancestorTitles":["warm-current 存档领域逻辑"],"fullName":"warm-current 存档领域逻辑 常量：三槽位文件路径与 KV key","status":"passed","title":"常量：三槽位文件路径与 KV key","duration":1.5333999999998014,"failureMessages":[],"meta":{}},{"ancestorTitles":["warm-current 存档领域逻辑"],"fullName":"warm-current 存档领域逻辑 serializeSlot：深快照 + 版本号 + savedAt（不持有活引用）","status":"passed","title":"serializeSlot：深快照 + 版本号 + savedAt（不持有活引用）","duration":1.3058999999998377,"failureMessages":[],"meta":{}},{"ancestorTitles":["warm-current 存档领域逻辑"],"fullName":"warm-current 存档领域逻辑 readSlotMetaWithSlot：合法 payload 投影出摘要","status":"passed","title":"readSlotMetaWithSlot：合法 payload 投影出摘要","duration":0.5046000000002095,"failureMessages":[],"meta":{}},{"ancestorTitles":["warm-current 存档领域逻辑"],"fullName":"warm-current 存档领域逻辑 readSlotMetaWithSlot：空档/坏档返回 null（UI 显示空栏）","status":"passed","title":"readSlotMetaWithSlot：空档/坏档返回 null（UI 显示空栏）","duration":0.1192999999998392,"failureMessages":[],"meta":{}},{"ancestorTitles":["warm-current 存档领域逻辑"],"fullName":"warm-current 存档领域逻辑 readSlotMetaFromPayload：slot=0 时省略槽位号（复用场景）","status":"passed","title":"readSlotMetaFromPayload：slot=0 时省略槽位号（复用场景）","duration":0.1972000000000662,"failureMessages":[],"meta":{}},{"ancestorTitles":["warm-current 存档领域逻辑"],"fullName":"warm-current 存档领域逻辑 restoreSimState：合法状态返回深拷贝 + rng 按 seed 重放","status":"passed","title":"restoreSimState：合法状态返回深拷贝 + rng 按 seed 重放","duration":1.2399000000000342,"failureMessages":[],"meta":{}},{"ancestorTitles":["warm-current 存档领域逻辑"],"fullName":"warm-current 存档领域逻辑 restoreSimState：坏档（缺 seed/ships）返回 null","status":"passed","title":"restoreSimState：坏档（缺 seed/ships）返回 null","duration":0.11280000000033397,"failureMessages":[],"meta":{}},{"ancestorTitles":["warm-current 存档领域逻辑"],"fullName":"warm-current 存档领域逻辑 formatSlotInfo：空栏/正常/终局/沙盒文本","status":"passed","title":"formatSlotInfo：空栏/正常/终局/沙盒文本","duration":0.46749999999974534,"failureMessages":[],"meta":{}},{"ancestorTitles":["warm-current 存档领域逻辑"],"fullName":"warm-current 存档领域逻辑 readSlotMeta：从整表对象读取（electronAPI.readJsonFile 直读场景）","status":"passed","title":"readSlotMeta：从整表对象读取（electronAPI.readJsonFile 直读场景）","duration":0.20740000000023429,"failureMessages":[],"meta":{}},{"ancestorTitles":["warm 三部位设计持久化（2026-09-14：保存的设计随档走）"],"fullName":"warm 三部位设计持久化（2026-09-14：保存的设计随档走） serializeSlot：payloadDesigns 随 SimState 深快照整体落盘（三部位各一件）","status":"passed","title":"serializeSlot：payloadDesigns 随 SimState 深快照整体落盘（三部位各一件）","duration":0.45260000000007494,"failureMessages":[],"meta":{}},{"ancestorTitles":["warm 三部位设计持久化（2026-09-14：保存的设计随档走）"],"fullName":"warm 三部位设计持久化（2026-09-14：保存的设计随档走） restoreSimState：读档后设计定义可通过 payloadDesignDefsOf 重灌注册表（船引用件可解析）","status":"passed","title":"restoreSimState：读档后设计定义可通过 payloadDesignDefsOf 重灌注册表（船引用件可解析）","duration":0.6035000000001673,"failureMessages":[],"meta":{}},{"ancestorTitles":["warm 三部位设计持久化（2026-09-14：保存的设计随档走）"],"fullName":"warm 三部位设计持久化（2026-09-14：保存的设计随档走） restoreSimState：旧档缺 payloadDesigns 补空数组；坏设计行（无效主体/未知 slotType）投影时跳过不炸","status":"passed","title":"restoreSimState：旧档缺 payloadDesigns 补空数组；坏设计行（无效主体/未知 slotType）投影时跳过不炸","duration":0.49519999999984066,"failureMessages":[],"meta":{}}],"startTime":1789527819603,"endTime":1789527819610.495,"status":"passed","message":"","name":"E:/DemoStudio/tests/warmCurrentSave.test.ts"},{"assertionResults":[{"ancestorTitles":["船型模块（造船三步流的数值层）"],"fullName":"船型模块（造船三步流的数值层） 整单价 = 船体 + Σ模块（船坞折扣由调用方乘）","status":"passed","title":"整单价 = 船体 + Σ模块（船坞折扣由调用方乘）","duration":3.99579999999969,"failureMessages":[],"meta":{}},{"ancestorTitles":["船型模块（造船三步流的数值层）"],"fullName":"船型模块（造船三步流的数值层） 兼容清单：hauler 限荷载主体/货泵、courier 限引擎/油箱、guardian 限荷载主体/油箱、standard 不限","status":"passed","title":"兼容清单：hauler 限荷载主体/货泵、courier 限引擎/油箱、guardian 限荷载主体/油箱、standard 不限","duration":1.0056000000004133,"failureMessages":[],"meta":{}},{"ancestorTitles":["船型模块（造船三步流的数值层）"],"fullName":"船型模块（造船三步流的数值层） tryBuildShip：未知船型/未知模块/不兼容模块拒绝；重复模块去重；船坞折扣 ×0.75 提速 ×1.3","status":"passed","title":"tryBuildShip：未知船型/未知模块/不兼容模块拒绝；重复模块去重；船坞折扣 ×0.75 提速 ×1.3","duration":28.6238000000003,"failureMessages":[],"meta":{}},{"ancestorTitles":["船型模块（造船三步流的数值层）"],"fullName":"船型模块（造船三步流的数值层） 下线即定型：队列卡的 hull/modules 注入新船（建成后不可改装）","status":"passed","title":"下线即定型：队列卡的 hull/modules 注入新船（建成后不可改装）","duration":3.1505999999999403,"failureMessages":[],"meta":{}},{"ancestorTitles":["船型模块（造船三步流的数值层）"],"fullName":"船型模块（造船三步流的数值层） 乘区叠乘：本船满载 = 基础 × 全局 cargoMult × 环 loadMult × 船型 × cargo_hold","status":"passed","title":"乘区叠乘：本船满载 = 基础 × 全局 cargoMult × 环 loadMult × 船型 × cargo_hold","duration":2.53479999999945,"failureMessages":[],"meta":{}},{"ancestorTitles":["船型模块（造船三步流的数值层）"],"fullName":"船型模块（造船三步流的数值层） 乘区叠乘：油耗 = 2×dist×基础×全局×窗口 × 船级（副油箱 0.8）","status":"passed","title":"乘区叠乘：油耗 = 2×dist×基础×全局×窗口 × 船级（副油箱 0.8）","duration":0.8143000000000029,"failureMessages":[],"meta":{}},{"ancestorTitles":["船型模块（造船三步流的数值层）"],"fullName":"船型模块（造船三步流的数值层） 船级聚合：航速/装卸叠乘，防冻 = 船型内置或加热器任一即免疫","status":"passed","title":"船级聚合：航速/装卸叠乘，防冻 = 船型内置或加热器任一即免疫","duration":0.5679000000000087,"failureMessages":[],"meta":{}},{"ancestorTitles":["建筑强化（一槽二选一分支）"],"fullName":"建筑强化（一槽二选一分支） 装拆计费：安装即时扣费并入 invested；拆除费 = 造价 × 20% 不返还且投资回退","status":"passed","title":"装拆计费：安装即时扣费并入 invested；拆除费 = 造价 × 20% 不返还且投资回退","duration":3.6304000000000087,"failureMessages":[],"meta":{}},{"ancestorTitles":["建筑强化（一槽二选一分支）"],"fullName":"建筑强化（一槽二选一分支） 二选一换装 + 非法分支拒绝：冷库 ↔ 重载吊臂独立生效（缓存 ×2 / 吊臂 ×1.5）","status":"passed","title":"二选一换装 + 非法分支拒绝：冷库 ↔ 重载吊臂独立生效（缓存 ×2 / 吊臂 ×1.5）","duration":2.55199999999968,"failureMessages":[],"meta":{}},{"ancestorTitles":["建筑强化（一槽二选一分支）"],"fullName":"建筑强化（一槽二选一分支） buildingEffectiveDef 收口：护盾名额 +2 / 半径 ×1.6（消费方零散改点收口一处）","status":"passed","title":"buildingEffectiveDef 收口：护盾名额 +2 / 半径 ×1.6（消费方零散改点收口一处）","duration":1.8006999999997788,"failureMessages":[],"meta":{}},{"ancestorTitles":["建筑强化（一槽二选一分支）"],"fullName":"建筑强化（一槽二选一分支） 返还折算：强化投入并入 invested → 拆除返还公式自动折算（150 → 270 投入）","status":"passed","title":"返还折算：强化投入并入 invested → 拆除返还公式自动折算（150 → 270 投入）","duration":1.7033000000001266,"failureMessages":[],"meta":{}},{"ancestorTitles":["飞船框选预案（耀斑直接指挥）"],"fullName":"飞船框选预案（耀斑直接指挥） 决策窗口：仅耀斑预警期可下令（爆发/平时拒绝）","status":"passed","title":"决策窗口：仅耀斑预警期可下令（爆发/平时拒绝）","duration":1.7166999999999462,"failureMessages":[],"meta":{}},{"ancestorTitles":["飞船框选预案（耀斑直接指挥）"],"fullName":"飞船框选预案（耀斑直接指挥） 原地待命：装货完成不出发挂起在港口；耀斑结束清决策后照常出发；在途船不可选待命","status":"passed","title":"原地待命：装货完成不出发挂起在港口；耀斑结束清决策后照常出发；在途船不可选待命","duration":4.544499999999971,"failureMessages":[],"meta":{}},{"ancestorTitles":["飞船框选预案（耀斑直接指挥）"],"fullName":"飞船框选预案（耀斑直接指挥） 就近靠站：改道飞向罩内安全点，爆发前抵达 → 结算几何判定自然保全；耀斑结束决策清空","status":"passed","title":"就近靠站：改道飞向罩内安全点，爆发前抵达 → 结算几何判定自然保全；耀斑结束决策清空","duration":2.3414999999995416,"failureMessages":[],"meta":{}},{"ancestorTitles":["飞船框选预案（耀斑直接指挥）"],"fullName":"飞船框选预案（耀斑直接指挥） 无站可靠：场上无护盾建筑时靠站决策拒绝","status":"passed","title":"无站可靠：场上无护盾建筑时靠站决策拒绝","duration":1.3983999999991283,"failureMessages":[],"meta":{}},{"ancestorTitles":["飞船框选预案（耀斑直接指挥）"],"fullName":"飞船框选预案（耀斑直接指挥） 船级防冻：结算时 guardian / heater 船罩外也存活，标准船冻毁入统计","status":"passed","title":"船级防冻：结算时 guardian / heater 船罩外也存活，标准船冻毁入统计","duration":0.9936999999999898,"failureMessages":[],"meta":{}},{"ancestorTitles":["飞船框选预案（耀斑直接指挥）"],"fullName":"飞船框选预案（耀斑直接指挥） 框选结算：矩形内全部未冻毁船入选（替换式）；冻毁船不可选","status":"failed","title":"框选结算：矩形内全部未冻毁船入选（替换式）；冻毁船不可选","duration":13.850600000000668,"failureMessages":["AssertionError: expected +0 to be 3 // Object.is equality\n    at E:\\DemoStudio\\tests\\warmCurrentSlotsAndDesign.test.ts:313:57\n    at file:///E:/DemoStudio/node_modules/@vitest/runner/dist/chunk-hooks.js:155:11\n    at file:///E:/DemoStudio/node_modules/@vitest/runner/dist/chunk-hooks.js:752:26\n    at file:///E:/DemoStudio/node_modules/@vitest/runner/dist/chunk-hooks.js:1897:20\n    at new Promise (<anonymous>)\n    at runWithTimeout (file:///E:/DemoStudio/node_modules/@vitest/runner/dist/chunk-hooks.js:1863:10)\n    at runTest (file:///E:/DemoStudio/node_modules/@vitest/runner/dist/chunk-hooks.js:1574:12)\n    at processTicksAndRejections (node:internal/process/task_queues:104:5)\n    at runSuite (file:///E:/DemoStudio/node_modules/@vitest/runner/dist/chunk-hooks.js:1729:8)\n    at runSuite (file:///E:/DemoStudio/node_modules/@vitest/runner/dist/chunk-hooks.js:1729:8)"],"meta":{}},{"ancestorTitles":["v11 存档迁移（槽位化 + 设计权合并批）"],"fullName":"v11 存档迁移（槽位化 + 设计权合并批） nodes → ringSlots 等比映射（1→1、3→5、12→25），nodes 键删除","status":"passed","title":"nodes → ringSlots 等比映射（1→1、3→5、12→25），nodes 键删除","duration":2.1896000000006097,"failureMessages":[],"meta":{}},{"ancestorTitles":["v11 存档迁移（槽位化 + 设计权合并批）"],"fullName":"v11 存档迁移（槽位化 + 设计权合并批） 环段装入表补齐 25 全空 + 拆除目标补 null（老档不送建筑，玩家重新构筑）","status":"passed","title":"环段装入表补齐 25 全空 + 拆除目标补 null（老档不送建筑，玩家重新构筑）","duration":0.6502000000000407,"failureMessages":[],"meta":{}},{"ancestorTitles":["v11 存档迁移（槽位化 + 设计权合并批）"],"fullName":"v11 存档迁移（槽位化 + 设计权合并批） 船型模块补齐：存量船 = 标准型裸船；buildQueue 数字项升级为 SimShipBuild","status":"passed","title":"船型模块补齐：存量船 = 标准型裸船；buildQueue 数字项升级为 SimShipBuild","duration":0.6175999999995838,"failureMessages":[],"meta":{}},{"ancestorTitles":["v11 存档迁移（槽位化 + 设计权合并批）"],"fullName":"v11 存档迁移（槽位化 + 设计权合并批） 建筑强化补齐 upgrade=null；ledger 合并补齐 ringInstall/buildingUpgrade 新键","status":"passed","title":"建筑强化补齐 upgrade=null；ledger 合并补齐 ringInstall/buildingUpgrade 新键","duration":1.0468000000000757,"failureMessages":[],"meta":{}},{"ancestorTitles":["v11 存档迁移（槽位化 + 设计权合并批）"],"fullName":"v11 存档迁移（槽位化 + 设计权合并批） 槽位摘要折算：新档直读 ringSlots，旧档 nodes 残留按等比映射展示","status":"passed","title":"槽位摘要折算：新档直读 ringSlots，旧档 nodes 残留按等比映射展示","duration":0.5429999999996653,"failureMessages":[],"meta":{}}],"startTime":1789527817281,"endTime":1789527817362.543,"status":"failed","message":"","name":"E:/DemoStudio/tests/warmCurrentSlotsAndDesign.test.ts"},{"assertionResults":[{"ancestorTitles":["星图布局：卫星不脱环铁律（P1/P2 共用）"],"fullName":"星图布局：卫星不脱环铁律（P1/P2 共用） 月球布局锚点距地球 = moons.moon.radius（120）","status":"passed","title":"月球布局锚点距地球 = moons.moon.radius（120）","duration":1.4823000000005777,"failureMessages":[],"meta":{}},{"ancestorTitles":["星图布局：卫星不脱环铁律（P1/P2 共用）"],"fullName":"星图布局：卫星不脱环铁律（P1/P2 共用） 木卫二布局锚点距木星 = moons.europa.radius（76）","status":"passed","title":"木卫二布局锚点距木星 = moons.europa.radius（76）","duration":0.39019999999982247,"failureMessages":[],"meta":{}},{"ancestorTitles":["星图布局：基础几何（P1/P2 共用）"],"fullName":"星图布局：基础几何（P1/P2 共用） 八大行星日心距严格单调递增","status":"passed","title":"八大行星日心距严格单调递增","duration":0.6508999999996377,"failureMessages":[],"meta":{}},{"ancestorTitles":["星图布局：基础几何（P1/P2 共用）"],"fullName":"星图布局：基础几何（P1/P2 共用） 相邻轨道圈不重叠（间距 > 两侧行星显示半径之和）","status":"passed","title":"相邻轨道圈不重叠（间距 > 两侧行星显示半径之和）","duration":0.3437000000003536,"failureMessages":[],"meta":{}},{"ancestorTitles":["星图布局：基础几何（P1/P2 共用）"],"fullName":"星图布局：基础几何（P1/P2 共用） 太阳显示半径 < 水星轨道半径（水星不埋进太阳）","status":"passed","title":"太阳显示半径 < 水星轨道半径（水星不埋进太阳）","duration":0.13619999999991705,"failureMessages":[],"meta":{}},{"ancestorTitles":["P1 基线翻新：旧布局口径废弃（防回退）"],"fullName":"P1 基线翻新：旧布局口径废弃（防回退） 地球轨道不再是旧布局的 450（960,600 → 960,150）","status":"passed","title":"地球轨道不再是旧布局的 450（960,600 → 960,150）","duration":0.23149999999986903,"failureMessages":[],"meta":{}},{"ancestorTitles":["P2 目标：真实 AU 比例（地球轨道 = 250px）"],"fullName":"P2 目标：真实 AU 比例（地球轨道 = 250px） 地球轨道半径 = 250","status":"failed","title":"地球轨道半径 = 250","duration":6.059500000000298,"failureMessages":["AssertionError: expected 460 to be close to 250, received difference is 210, but expected 5e-7\n    at E:\\DemoStudio\\tests\\warmOrbitScale.test.ts:64:36\n    at file:///E:/DemoStudio/node_modules/@vitest/runner/dist/chunk-hooks.js:155:11\n    at file:///E:/DemoStudio/node_modules/@vitest/runner/dist/chunk-hooks.js:752:26\n    at file:///E:/DemoStudio/node_modules/@vitest/runner/dist/chunk-hooks.js:1897:20\n    at new Promise (<anonymous>)\n    at runWithTimeout (file:///E:/DemoStudio/node_modules/@vitest/runner/dist/chunk-hooks.js:1863:10)\n    at runTest (file:///E:/DemoStudio/node_modules/@vitest/runner/dist/chunk-hooks.js:1574:12)\n    at processTicksAndRejections (node:internal/process/task_queues:104:5)\n    at runSuite (file:///E:/DemoStudio/node_modules/@vitest/runner/dist/chunk-hooks.js:1729:8)\n    at runSuite (file:///E:/DemoStudio/node_modules/@vitest/runner/dist/chunk-hooks.js:1729:8)"],"meta":{}},{"ancestorTitles":["P2 目标：真实 AU 比例（地球轨道 = 250px）"],"fullName":"P2 目标：真实 AU 比例（地球轨道 = 250px） 各行星日心距按真实半长轴等比缩放（整数坐标容差 ±1.5px）","status":"failed","title":"各行星日心距按真实半长轴等比缩放（整数坐标容差 ±1.5px）","duration":0.7086000000008426,"failureMessages":["AssertionError: expected 73.45575783445165 to be less than or equal to 1.5\n    at E:\\DemoStudio\\tests\\warmOrbitScale.test.ts:70:53\n    at file:///E:/DemoStudio/node_modules/@vitest/runner/dist/chunk-hooks.js:155:11\n    at file:///E:/DemoStudio/node_modules/@vitest/runner/dist/chunk-hooks.js:752:26\n    at file:///E:/DemoStudio/node_modules/@vitest/runner/dist/chunk-hooks.js:1897:20\n    at new Promise (<anonymous>)\n    at runWithTimeout (file:///E:/DemoStudio/node_modules/@vitest/runner/dist/chunk-hooks.js:1863:10)\n    at runTest (file:///E:/DemoStudio/node_modules/@vitest/runner/dist/chunk-hooks.js:1574:12)\n    at processTicksAndRejections (node:internal/process/task_queues:104:5)\n    at runSuite (file:///E:/DemoStudio/node_modules/@vitest/runner/dist/chunk-hooks.js:1729:8)\n    at runSuite (file:///E:/DemoStudio/node_modules/@vitest/runner/dist/chunk-hooks.js:1729:8)"],"meta":{}},{"ancestorTitles":["P2 目标：真实 AU 比例（地球轨道 = 250px）"],"fullName":"P2 目标：真实 AU 比例（地球轨道 = 250px） 外行星比例关系符合天文事实（木星 ≈ 5.2 倍地球轨道）","status":"failed","title":"外行星比例关系符合天文事实（木星 ≈ 5.2 倍地球轨道）","duration":0.409099999999853,"failureMessages":["AssertionError: expected 2.827010718590323 to be close to 5.203, received difference is 2.3759892814096775, but expected 0.05\n    at E:\\DemoStudio\\tests\\warmOrbitScale.test.ts:75:63\n    at file:///E:/DemoStudio/node_modules/@vitest/runner/dist/chunk-hooks.js:155:11\n    at file:///E:/DemoStudio/node_modules/@vitest/runner/dist/chunk-hooks.js:752:26\n    at file:///E:/DemoStudio/node_modules/@vitest/runner/dist/chunk-hooks.js:1897:20\n    at new Promise (<anonymous>)\n    at runWithTimeout (file:///E:/DemoStudio/node_modules/@vitest/runner/dist/chunk-hooks.js:1863:10)\n    at runTest (file:///E:/DemoStudio/node_modules/@vitest/runner/dist/chunk-hooks.js:1574:12)\n    at processTicksAndRejections (node:internal/process/task_queues:104:5)\n    at runSuite (file:///E:/DemoStudio/node_modules/@vitest/runner/dist/chunk-hooks.js:1729:8)\n    at runSuite (file:///E:/DemoStudio/node_modules/@vitest/runner/dist/chunk-hooks.js:1729:8)"],"meta":{}}],"startTime":1789527816432,"endTime":1789527816443.4092,"status":"failed","message":"","name":"E:/DemoStudio/tests/warmOrbitScale.test.ts"},{"assertionResults":[{"ancestorTitles":["starfieldTile 移除口径（2026-09-14）"],"fullName":"starfieldTile 移除口径（2026-09-14） starfieldTile.ts 模块已删除","status":"passed","title":"starfieldTile.ts 模块已删除","duration":1.6233000000001994,"failureMessages":[],"meta":{}},{"ancestorTitles":["starfieldTile 移除口径（2026-09-14）"],"fullName":"starfieldTile 移除口径（2026-09-14） StarMapRenderComponent 不再引用星空瓦片（import / 工厂 / repeat 调用全清）","status":"passed","title":"StarMapRenderComponent 不再引用星空瓦片（import / 工厂 / repeat 调用全清）","duration":1.532799999999952,"failureMessages":[],"meta":{}},{"ancestorTitles":["starfieldTile 移除口径（2026-09-14）"],"fullName":"starfieldTile 移除口径（2026-09-14） 星空底板保留（纯黑，全景失败/未加载时兜底不穿帮）","status":"failed","title":"星空底板保留（纯黑，全景失败/未加载时兜底不穿帮）","duration":15.107899999999972,"failureMessages":["AssertionError: expected '/**\\r\\n * StarMapActor — 星图渲染（3D 标准：X…' to contain '0x000000'\n    at E:\\DemoStudio\\tests\\warmStarfieldTile.test.ts:38:17\n    at file:///E:/DemoStudio/node_modules/@vitest/runner/dist/chunk-hooks.js:155:11\n    at file:///E:/DemoStudio/node_modules/@vitest/runner/dist/chunk-hooks.js:752:26\n    at file:///E:/DemoStudio/node_modules/@vitest/runner/dist/chunk-hooks.js:1897:20\n    at new Promise (<anonymous>)\n    at runWithTimeout (file:///E:/DemoStudio/node_modules/@vitest/runner/dist/chunk-hooks.js:1863:10)\n    at runTest (file:///E:/DemoStudio/node_modules/@vitest/runner/dist/chunk-hooks.js:1574:12)\n    at processTicksAndRejections (node:internal/process/task_queues:104:5)\n    at runSuite (file:///E:/DemoStudio/node_modules/@vitest/runner/dist/chunk-hooks.js:1729:8)\n    at runSuite (file:///E:/DemoStudio/node_modules/@vitest/runner/dist/chunk-hooks.js:1729:8)"],"meta":{}}],"startTime":1789527813838,"endTime":1789527813857.108,"status":"failed","message":"","name":"E:/DemoStudio/tests/warmStarfieldTile.test.ts"},{"assertionResults":[{"ancestorTitles":["引导目标单一数据源（TUTORIAL_TARGETS）"],"fullName":"引导目标单一数据源（TUTORIAL_TARGETS） 引导端点 = 月球 → 地球（顺序即教学双环顺序）","status":"passed","title":"引导端点 = 月球 → 地球（顺序即教学双环顺序）","duration":2.0775000000003274,"failureMessages":[],"meta":{}},{"ancestorTitles":["引导目标单一数据源（TUTORIAL_TARGETS）"],"fullName":"引导目标单一数据源（TUTORIAL_TARGETS） 渲染层消费该常量（不硬编码 moon/earth 目标序列）","status":"passed","title":"渲染层消费该常量（不硬编码 moon/earth 目标序列）","duration":0.3463000000001557,"failureMessages":[],"meta":{}},{"ancestorTitles":["引导目标单一数据源（TUTORIAL_TARGETS）"],"fullName":"引导目标单一数据源（TUTORIAL_TARGETS） 规则层消费同一常量（引导判定不另起一份硬编码）","status":"passed","title":"规则层消费同一常量（引导判定不另起一份硬编码）","duration":0.29390000000057626,"failureMessages":[],"meta":{}},{"ancestorTitles":["引导目标单一数据源（TUTORIAL_TARGETS）"],"fullName":"引导目标单一数据源（TUTORIAL_TARGETS） GameMode.dragValidity 也消费同一常量（第二处规则镜像不再硬编码）","status":"passed","title":"GameMode.dragValidity 也消费同一常量（第二处规则镜像不再硬编码）","duration":0.2908999999999651,"failureMessages":[],"meta":{}},{"ancestorTitles":["教学环归位到月球 + 地球（太阳不再是目标）"],"fullName":"教学环归位到月球 + 地球（太阳不再是目标） 两个环的目标天体 = 月球、地球，且不含 sun","status":"passed","title":"两个环的目标天体 = 月球、地球，且不含 sun","duration":0.8070999999999913,"failureMessages":[],"meta":{}},{"ancestorTitles":["教学环归位到月球 + 地球（太阳不再是目标）"],"fullName":"教学环归位到月球 + 地球（太阳不再是目标） 两环尺寸 = 目标天体显示半径 + 边距（月球 29 / 地球 50）","status":"failed","title":"两环尺寸 = 目标天体显示半径 + 边距（月球 29 / 地球 50）","duration":10.561299999999392,"failureMessages":["AssertionError: expected 34 to be 29 // Object.is equality\n    at E:\\DemoStudio\\tests\\warmTutorialRing.test.ts:70:40\n    at file:///E:/DemoStudio/node_modules/@vitest/runner/dist/chunk-hooks.js:155:11\n    at file:///E:/DemoStudio/node_modules/@vitest/runner/dist/chunk-hooks.js:752:26\n    at file:///E:/DemoStudio/node_modules/@vitest/runner/dist/chunk-hooks.js:1897:20\n    at new Promise (<anonymous>)\n    at runWithTimeout (file:///E:/DemoStudio/node_modules/@vitest/runner/dist/chunk-hooks.js:1863:10)\n    at runTest (file:///E:/DemoStudio/node_modules/@vitest/runner/dist/chunk-hooks.js:1574:12)\n    at processTicksAndRejections (node:internal/process/task_queues:104:5)\n    at runSuite (file:///E:/DemoStudio/node_modules/@vitest/runner/dist/chunk-hooks.js:1729:8)\n    at runSuite (file:///E:/DemoStudio/node_modules/@vitest/runner/dist/chunk-hooks.js:1729:8)"],"meta":{}},{"ancestorTitles":["教学环归位到月球 + 地球（太阳不再是目标）"],"fullName":"教学环归位到月球 + 地球（太阳不再是目标） 引导两环不重叠：两环半径之和 < 月地实时距离","status":"passed","title":"引导两环不重叠：两环半径之和 < 月地实时距离","duration":1.1183000000000902,"failureMessages":[],"meta":{}},{"ancestorTitles":["教学环归位到月球 + 地球（太阳不再是目标）"],"fullName":"教学环归位到月球 + 地球（太阳不再是目标） 地球是公转天体：环必须每帧跟随实时位置（与静态太阳不同）","status":"failed","title":"地球是公转天体：环必须每帧跟随实时位置（与静态太阳不同）","duration":1.102299999999559,"failureMessages":["AssertionError: expected 0.6594146981230077 to be greater than 10\n    at E:\\DemoStudio\\tests\\warmTutorialRing.test.ts:92:50\n    at file:///E:/DemoStudio/node_modules/@vitest/runner/dist/chunk-hooks.js:155:11\n    at file:///E:/DemoStudio/node_modules/@vitest/runner/dist/chunk-hooks.js:752:26\n    at file:///E:/DemoStudio/node_modules/@vitest/runner/dist/chunk-hooks.js:1897:20\n    at new Promise (<anonymous>)\n    at runWithTimeout (file:///E:/DemoStudio/node_modules/@vitest/runner/dist/chunk-hooks.js:1863:10)\n    at runTest (file:///E:/DemoStudio/node_modules/@vitest/runner/dist/chunk-hooks.js:1574:12)\n    at processTicksAndRejections (node:internal/process/task_queues:104:5)\n    at runSuite (file:///E:/DemoStudio/node_modules/@vitest/runner/dist/chunk-hooks.js:1729:8)\n    at runSuite (file:///E:/DemoStudio/node_modules/@vitest/runner/dist/chunk-hooks.js:1729:8)"],"meta":{}},{"ancestorTitles":["P1 防回退：太阳不再是教学环目标"],"fullName":"P1 防回退：太阳不再是教学环目标 教学环目标不含 sun（回退则\"太阳旁边出现红圈\"）","status":"passed","title":"教学环目标不含 sun（回退则\"太阳旁边出现红圈\"）","duration":0.2065999999995256,"failureMessages":[],"meta":{}},{"ancestorTitles":["P1 防回退：太阳不再是教学环目标"],"fullName":"P1 防回退：太阳不再是教学环目标 渲染层 syncTutorial 不再用太阳口径画教学环","status":"passed","title":"渲染层 syncTutorial 不再用太阳口径画教学环","duration":0.3692000000000917,"failureMessages":[],"meta":{}},{"ancestorTitles":["P1 防回退：太阳不再是教学环目标"],"fullName":"P1 防回退：太阳不再是教学环目标 教学双环的下标解构与常量长度一致（改常量长度不会静默越界）","status":"passed","title":"教学双环的下标解构与常量长度一致（改常量长度不会静默越界）","duration":0.19219999999950232,"failureMessages":[],"meta":{}},{"ancestorTitles":["P1 防回退：太阳不再是教学环目标"],"fullName":"P1 防回退：太阳不再是教学环目标 太阳环尺寸口径 sun.r + 12 = 108 已废弃（存档此数值防误用）","status":"failed","title":"太阳环尺寸口径 sun.r + 12 = 108 已废弃（存档此数值防误用）","duration":1.1400000000003274,"failureMessages":["AssertionError: expected 96 to be 108 // Object.is equality\n    at E:\\DemoStudio\\tests\\warmTutorialRing.test.ts:124:51\n    at file:///E:/DemoStudio/node_modules/@vitest/runner/dist/chunk-hooks.js:155:11\n    at file:///E:/DemoStudio/node_modules/@vitest/runner/dist/chunk-hooks.js:752:26\n    at file:///E:/DemoStudio/node_modules/@vitest/runner/dist/chunk-hooks.js:1897:20\n    at new Promise (<anonymous>)\n    at runWithTimeout (file:///E:/DemoStudio/node_modules/@vitest/runner/dist/chunk-hooks.js:1863:10)\n    at runTest (file:///E:/DemoStudio/node_modules/@vitest/runner/dist/chunk-hooks.js:1574:12)\n    at processTicksAndRejections (node:internal/process/task_queues:104:5)\n    at runSuite (file:///E:/DemoStudio/node_modules/@vitest/runner/dist/chunk-hooks.js:1729:8)\n    at runSuite (file:///E:/DemoStudio/node_modules/@vitest/runner/dist/chunk-hooks.js:1729:8)"],"meta":{}}],"startTime":1789527816436,"endTime":1789527816455.14,"status":"failed","message":"","name":"E:/DemoStudio/tests/warmTutorialRing.test.ts"},{"assertionResults":[{"ancestorTitles":["EarthActor 特写自装配"],"fullName":"EarthActor 特写自装配 BeginPlay 只装 bump：大气归蓝图资产声明（不运行时挂载）；云层壳已移除（2026-09-10）","status":"passed","title":"BeginPlay 只装 bump：大气归蓝图资产声明（不运行时挂载）；云层壳已移除（2026-09-10）","duration":33.99199999999928,"failureMessages":[],"meta":{}},{"ancestorTitles":["EarthActor 特写自装配"],"fullName":"EarthActor 特写自装配 其他天体不装配特写增强","status":"passed","title":"其他天体不装配特写增强","duration":1.0021999999999025,"failureMessages":[],"meta":{}},{"ancestorTitles":["EarthActor 特写自装配"],"fullName":"EarthActor 特写自装配 凹凸程序化贴图：无 2D canvas 
[...]
s":["applySkyTexture — GameMode 天空装配（全景唯一来源、纯黑兜底）"],"fullName":"applySkyTexture — GameMode 天空装配（全景唯一来源、纯黑兜底） jsdom（无 Image）调用不抛错（兜底路径安全）","status":"passed","title":"jsdom（无 Image）调用不抛错（兜底路径安全）","duration":27.207499999999982,"failureMessages":[],"meta":{}},{"ancestorTitles":["starfieldTile — 平面星空瓦片已移除（2026-09-14 用户拍板）"],"fullName":"starfieldTile — 平面星空瓦片已移除（2026-09-14 用户拍板） starfieldTile.ts 模块已删除，全景为唯一星空来源","status":"passed","title":"starfieldTile.ts 模块已删除，全景为唯一星空来源","duration":0.4590000000002874,"failureMessages":[],"meta":{}}],"startTime":1789527817995,"endTime":1789527818025.459,"status":"passed","message":"","name":"E:/DemoStudio/tests/warm_sky_panorama.test.ts"},{"assertionResults":[{"ancestorTitles":["CameraRig 缩放/平移（太阳系云台基线）"],"fullName":"CameraRig 缩放/平移（太阳系云台基线） zoom 正值拉远、负值拉近，且注视点保持 target","status":"passed","title":"zoom 正值拉远、负值拉近，且注视点保持 target","duration":4.555799999999181,"failureMessages":[],"meta":{}},{"ancestorTitles":["CameraRig 缩放/平移（太阳系云台基线）"],"fullName":"CameraRig 缩放/平移（太阳系云台基线） zoom 被 minDistance/maxDistance 夹紧","status":"passed","title":"zoom 被 minDistance/maxDistance 夹紧","duration":1.9558999999999287,"failureMessages":[],"meta":{}},{"ancestorTitles":["CameraRig 缩放/平移（太阳系云台基线）"],"fullName":"CameraRig 缩放/平移（太阳系云台基线） pan 同步移动相机与 target，并按 panLimit 夹紧","status":"passed","title":"pan 同步移动相机与 target，并按 panLimit 夹紧","duration":0.838900000000649,"failureMessages":[],"meta":{}},{"ancestorTitles":["focusSolarSystem 太阳系取景"],"fullName":"focusSolarSystem 太阳系取景 聚焦 sun → 垂直俯视、距离 1000、北向朝上","status":"failed","title":"聚焦 sun → 垂直俯视、距离 1000、北向朝上","duration":37.90779999999995,"failureMessages":["AssertionError: expected 573.576436351046 to be close to 1000, received difference is 426.423563648954, but expected 0.5\n    at E:\\DemoStudio\\tests\\warm_solar_camera.test.ts:90:30\n    at file:///E:/DemoStudio/node_modules/@vitest/runner/dist/chunk-hooks.js:155:11\n    at file:///E:/DemoStudio/node_modules/@vitest/runner/dist/chunk-hooks.js:752:26\n    at file:///E:/DemoStudio/node_modules/@vitest/runner/dist/chunk-hooks.js:1897:20\n    at new Promise (<anonymous>)\n    at runWithTimeout (file:///E:/DemoStudio/node_modules/@vitest/runner/dist/chunk-hooks.js:1863:10)\n    at runTest (file:///E:/DemoStudio/node_modules/@vitest/runner/dist/chunk-hooks.js:1574:12)\n    at processTicksAndRejections (node:internal/process/task_queues:104:5)\n    at runSuite (file:///E:/DemoStudio/node_modules/@vitest/runner/dist/chunk-hooks.js:1729:8)\n    at runSuite (file:///E:/DemoStudio/node_modules/@vitest/runner/dist/chunk-hooks.js:1729:8)"],"meta":{}},{"ancestorTitles":["focusSolarSystem 太阳系取景"],"fullName":"focusSolarSystem 太阳系取景 聚焦 earth → 垂直俯视、距离 3200、北向朝上","status":"failed","title":"聚焦 earth → 垂直俯视、距离 3200、北向朝上","duration":6.277000000000044,"failureMessages":["AssertionError: expected 1835.4445963233475 to be close to 3200, received difference is 1364.5554036766525, but expected 0.5\n    at E:\\DemoStudio\\tests\\warm_solar_camera.test.ts:90:30\n    at file:///E:/DemoStudio/node_modules/@vitest/runner/dist/chunk-hooks.js:155:11\n    at file:///E:/DemoStudio/node_modules/@vitest/runner/dist/chunk-hooks.js:752:26\n    at file:///E:/DemoStudio/node_modules/@vitest/runner/dist/chunk-hooks.js:1897:20\n    at new Promise (<anonymous>)\n    at runWithTimeout (file:///E:/DemoStudio/node_modules/@vitest/runner/dist/chunk-hooks.js:1863:10)\n    at runTest (file:///E:/DemoStudio/node_modules/@vitest/runner/dist/chunk-hooks.js:1574:12)\n    at processTicksAndRejections (node:internal/process/task_queues:104:5)\n    at runSuite (file:///E:/DemoStudio/node_modules/@vitest/runner/dist/chunk-hooks.js:1729:8)\n    at runSuite (file:///E:/DemoStudio/node_modules/@vitest/runner/dist/chunk-hooks.js:1729:8)"],"meta":{}},{"ancestorTitles":["focusSolarSystem 太阳系取景"],"fullName":"focusSolarSystem 太阳系取景 聚焦 moon → 垂直俯视、距离 220、北向朝上","status":"failed","title":"聚焦 moon → 垂直俯视、距离 220、北向朝上","duration":7.960399999999936,"failureMessages":["AssertionError: expected 126.18681599723013 to be close to 220, received difference is 93.81318400276987, but expected 0.5\n    at E:\\DemoStudio\\tests\\warm_solar_camera.test.ts:90:30\n    at file:///E:/DemoStudio/node_modules/@vitest/runner/dist/chunk-hooks.js:155:11\n    at file:///E:/DemoStudio/node_modules/@vitest/runner/dist/chunk-hooks.js:752:26\n    at file:///E:/DemoStudio/node_modules/@vitest/runner/dist/chunk-hooks.js:1897:20\n    at new Promise (<anonymous>)\n    at runWithTimeout (file:///E:/DemoStudio/node_modules/@vitest/runner/dist/chunk-hooks.js:1863:10)\n    at runTest (file:///E:/DemoStudio/node_modules/@vitest/runner/dist/chunk-hooks.js:1574:12)\n    at processTicksAndRejections (node:internal/process/task_queues:104:5)\n    at runSuite (file:///E:/DemoStudio/node_modules/@vitest/runner/dist/chunk-hooks.js:1729:8)\n    at runSuite (file:///E:/DemoStudio/node_modules/@vitest/runner/dist/chunk-hooks.js:1729:8)"],"meta":{}},{"ancestorTitles":["focusSolarSystem 太阳系取景"],"fullName":"focusSolarSystem 太阳系取景 聚焦 europa → 垂直俯视、距离 220、北向朝上","status":"failed","title":"聚焦 europa → 垂直俯视、距离 220、北向朝上","duration":7.138899999999921,"failureMessages":["AssertionError: expected 126.18681599723013 to be close to 220, received difference is 93.81318400276987, but expected 0.5\n    at E:\\DemoStudio\\tests\\warm_solar_camera.test.ts:90:30\n    at file:///E:/DemoStudio/node_modules/@vitest/runner/dist/chunk-hooks.js:155:11\n    at file:///E:/DemoStudio/node_modules/@vitest/runner/dist/chunk-hooks.js:752:26\n    at file:///E:/DemoStudio/node_modules/@vitest/runner/dist/chunk-hooks.js:1897:20\n    at new Promise (<anonymous>)\n    at runWithTimeout (file:///E:/DemoStudio/node_modules/@vitest/runner/dist/chunk-hooks.js:1863:10)\n    at runTest (file:///E:/DemoStudio/node_modules/@vitest/runner/dist/chunk-hooks.js:1574:12)\n    at processTicksAndRejections (node:internal/process/task_queues:104:5)\n    at runSuite (file:///E:/DemoStudio/node_modules/@vitest/runner/dist/chunk-hooks.js:1729:8)\n    at runSuite (file:///E:/DemoStudio/node_modules/@vitest/runner/dist/chunk-hooks.js:1729:8)"],"meta":{}},{"ancestorTitles":["focusSolarSystem 太阳系取景"],"fullName":"focusSolarSystem 太阳系取景 聚焦 mars → 垂直俯视、距离 220、北向朝上","status":"failed","title":"聚焦 mars → 垂直俯视、距离 220、北向朝上","duration":7.306500000000597,"failureMessages":["AssertionError: expected 126.18681599723013 to be close to 220, received difference is 93.81318400276987, but expected 0.5\n    at E:\\DemoStudio\\tests\\warm_solar_camera.test.ts:90:30\n    at file:///E:/DemoStudio/node_modules/@vitest/runner/dist/chunk-hooks.js:155:11\n    at file:///E:/DemoStudio/node_modules/@vitest/runner/dist/chunk-hooks.js:752:26\n    at file:///E:/DemoStudio/node_modules/@vitest/runner/dist/chunk-hooks.js:1897:20\n    at new Promise (<anonymous>)\n    at runWithTimeout (file:///E:/DemoStudio/node_modules/@vitest/runner/dist/chunk-hooks.js:1863:10)\n    at runTest (file:///E:/DemoStudio/node_modules/@vitest/runner/dist/chunk-hooks.js:1574:12)\n    at processTicksAndRejections (node:internal/process/task_queues:104:5)\n    at runSuite (file:///E:/DemoStudio/node_modules/@vitest/runner/dist/chunk-hooks.js:1729:8)\n    at runSuite (file:///E:/DemoStudio/node_modules/@vitest/runner/dist/chunk-hooks.js:1729:8)"],"meta":{}},{"ancestorTitles":["focusSolarSystem 太阳系取景"],"fullName":"focusSolarSystem 太阳系取景 太阳聚焦目标点 = 太阳布局位置换算的世界坐标（新布局太阳在画布中心 = 世界原点）","status":"passed","title":"太阳聚焦目标点 = 太阳布局位置换算的世界坐标（新布局太阳在画布中心 = 世界原点）","duration":3.798999999999978,"failureMessages":[],"meta":{}}],"startTime":1789527817270,"endTime":1789527817347.799,"status":"failed","message":"","name":"E:/DemoStudio/tests/warm_solar_camera.test.ts"},{"assertionResults":[{"ancestorTitles":["starPosAt 层级公转纯函数"],"fullName":"starPosAt 层级公转纯函数 t=0：全部天体位于初始布局位置（初相位 = 布局方位角）","status":"passed","title":"t=0：全部天体位于初始布局位置（初相位 = 布局方位角）","duration":3.781199999999444,"failureMessages":[],"meta":{}},{"ancestorTitles":["starPosAt 层级公转纯函数"],"fullName":"starPosAt 层级公转纯函数 行星随时间绕太阳运动，日心距恒定","status":"failed","title":"行星随时间绕太阳运动，日心距恒定","duration":5.978799999999865,"failureMessages":["AssertionError: expected 0.000716755168026495 to be greater than 0.35252608695652177\n    at E:\\DemoStudio\\tests\\warm_solar_orbit.test.ts:56:18\n    at file:///E:/DemoStudio/node_modules/@vitest/runner/dist/chunk-hooks.js:155:11\n    at file:///E:/DemoStudio/node_modules/@vitest/runner/dist/chunk-hooks.js:752:26\n    at file:///E:/DemoStudio/node_modules/@vitest/runner/dist/chunk-hooks.js:1897:20\n    at new Promise (<anonymous>)\n    at runWithTimeout (file:///E:/DemoStudio/node_modules/@vitest/runner/dist/chunk-hooks.js:1863:10)\n    at runTest (file:///E:/DemoStudio/node_modules/@vitest/runner/dist/chunk-hooks.js:1574:12)\n    at processTicksAndRejections (node:internal/process/task_queues:104:5)\n    at runSuite (file:///E:/DemoStudio/node_modules/@vitest/runner/dist/chunk-hooks.js:1729:8)\n    at runSuite (file:///E:/DemoStudio/node_modules/@vitest/runner/dist/chunk-hooks.js:1729:8)"],"meta":{}},{"ancestorTitles":["starPosAt 层级公转纯函数"],"fullName":"starPosAt 层级公转纯函数 月球绕地球旋转：地心距恒定，随地球整体平移","status":"failed","title":"月球绕地球旋转：地心距恒定，随地球整体平移","duration":1.4179000000003725,"failureMessages":["AssertionError: expected 0.014373174465883844 to be greater than 0.245025\n    at E:\\DemoStudio\\tests\\warm_solar_orbit.test.ts:74:16\n    at file:///E:/DemoStudio/node_modules/@vitest/runner/dist/chunk-hooks.js:155:11\n    at file:///E:/DemoStudio/node_modules/@vitest/runner/dist/chunk-hooks.js:752:26\n    at file:///E:/DemoStudio/node_modules/@vitest/runner/dist/chunk-hooks.js:1897:20\n    at new Promise (<anonymous>)\n    at runWithTimeout (file:///E:/DemoStudio/node_modules/@vitest/runner/dist/chunk-hooks.js:1863:10)\n    at runTest (file:///E:/DemoStudio/node_modules/@vitest/runner/dist/chunk-hooks.js:1574:12)\n    at processTicksAndRejections (node:internal/process/task_queues:104:5)\n    at runSuite (file:///E:/DemoStudio/node_modules/@vitest/runner/dist/chunk-hooks.js:1729:8)\n    at runSuite (file:///E:/DemoStudio/node_modules/@vitest/runner/dist/chunk-hooks.js:1729:8)"],"meta":{}},{"ancestorTitles":["starPosAt 层级公转纯函数"],"fullName":"starPosAt 层级公转纯函数 同一时刻各行星相位不同（远轨道更慢，开普勒式观感）","status":"passed","title":"同一时刻各行星相位不同（远轨道更慢，开普勒式观感）","duration":0.3430000000007567,"failureMessages":[],"meta":{}},{"ancestorTitles":["starPosAt 层级公转纯函数"],"fullName":"starPosAt 层级公转纯函数 地球转速慢于金星（×0.7 慢速系数）","status":"passed","title":"地球转速慢于金星（×0.7 慢速系数）","duration":0.28760000000056607,"failureMessages":[],"meta":{}}],"startTime":1789527816431,"endTime":1789527816443.343,"status":"failed","message":"","name":"E:/DemoStudio/tests/warm_solar_orbit.test.ts"},{"assertionResults":[{"ancestorTitles":["八大行星绕太阳（starPosAt 纯函数）"],"fullName":"八大行星绕太阳（starPosAt 纯函数） 8 行星齐装：t=0 全部位于初始布局位置","status":"passed","title":"8 行星齐装：t=0 全部位于初始布局位置","duration":2.1572000000005573,"failureMessages":[],"meta":{}},{"ancestorTitles":["八大行星绕太阳（starPosAt 纯函数）"],"fullName":"八大行星绕太阳（starPosAt 纯函数） 8 行星随时间绕太阳运动，日心距恒定（ω = 3.9/max(120, r)，地球 ×0.7；120px 为转速下限）","status":"failed","title":"8 行星随时间绕太阳运动，日心距恒定（ω = 3.9/max(120, r)，地球 ×0.7；120px 为转速下限）","duration":7.595000000000255,"failureMessages":["AssertionError: expected 0.000716755168026495 to be greater than 0.35252608695652177\n    at E:\\DemoStudio\\tests\\warm_solar_planets.test.ts:54:18\n    at file:///E:/DemoStudio/node_modules/@vitest/runner/dist/chunk-hooks.js:155:11\n    at file:///E:/DemoStudio/node_modules/@vitest/runner/dist/chunk-hooks.js:752:26\n    at file:///E:/DemoStudio/node_modules/@vitest/runner/dist/chunk-hooks.js:1897:20\n    at new Promise (<anonymous>)\n    at runWithTimeout (file:///E:/DemoStudio/node_modules/@vitest/runner/dist/chunk-hooks.js:1863:10)\n    at runTest (file:///E:/DemoStudio/node_modules/@vitest/runner/dist/chunk-hooks.js:1574:12)\n    at processTicksAndRejections (node:internal/process/task_queues:104:5)\n    at runSuite (file:///E:/DemoStudio/node_modules/@vitest/runner/dist/chunk-hooks.js:1729:8)\n    at runSuite (file:///E:/DemoStudio/node_modules/@vitest/runner/dist/chunk-hooks.js:1729:8)"],"meta":{}},{"ancestorTitles":["八大行星绕太阳（starPosAt 纯函数）"],"fullName":"八大行星绕太阳（starPosAt 纯函数） 远轨道更慢（水星快于海王星，开普勒式观感）","status":"passed","title":"远轨道更慢（水星快于海王星，开普勒式观感）","duration":0.38910000000032596,"failureMessages":[],"meta":{}},{"ancestorTitles":["卫星系统泛化（B.map.moons 配置驱动）"],"fullName":"卫星系统泛化（B.map.moons 配置驱动） 月球绕地球：地心距恒为配置轨道半径，随地球整体平移","status":"passed","title":"月球绕地球：地心距恒为配置轨道半径，随地球整体平移","duration":0.4796999999998661,"failureMessages":[],"meta":{}},{"ancestorTitles":["卫星系统泛化（B.map.moons 配置驱动）"],"fullName":"卫星系统泛化（B.map.moons 配置驱动） 木卫二绕木星：木心距恒为配置轨道半径，随木星公转被携带","status":"passed","title":"木卫二绕木星：木心距恒为配置轨道半径，随木星公转被携带","duration":0.25279999999929714,"failureMessages":[],"meta":{}},{"ancestorTitles":["卫星系统泛化（B.map.moons 配置驱动）"],"fullName":"卫星系统泛化（B.map.moons 配置驱动） 卫星布局完整性：布局锚点距 parent 布局点 = 配置轨道半径（开局不脱环）","status":"passed","title":"卫星布局完整性：布局锚点距 parent 布局点 = 配置轨道半径（开局不脱环）","duration":0.1526000000003478,"failureMessages":[],"meta":{}}],"startTime":1789527816426,"endTime":1789527816437.2527,"status":"failed","message":"","name":"E:/DemoStudio/tests/warm_solar_planets.test.ts"},{"assertionResults":[{"ancestorTitles":["StarActor.syncFrom（蓝图天体位置自驱动）"],"fullName":"StarActor.syncFrom（蓝图天体位置自驱动） t=0：Actor 位于初始布局的世界坐标（半球嵌入 y=r*0.55）","status":"passed","title":"t=0：Actor 位于初始布局的世界坐标（半球嵌入 y=r*0.55）","duration":26.00960000000032,"failureMessages":[],"meta":{}},{"ancestorTitles":["StarActor.syncFrom（蓝图天体位置自驱动）"],"fullName":"StarActor.syncFrom（蓝图天体位置自驱动） t=90：月球位于绕地轨道实时位置（层级公转延续）","status":"passed","title":"t=90：月球位于绕地轨道实时位置（层级公转延续）","duration":2.5183999999999287,"failureMessages":[],"meta":{}},{"ancestorTitles":["StarActor.syncFrom（蓝图天体位置自驱动）"],"fullName":"StarActor.syncFrom（蓝图天体位置自驱动） 自转：mesh.rotation.y 随 dt 单调增长","status":"failed","title":"自转：mesh.rotation.y 随 dt 单调增长","duration":10.518600000000333,"failureMessages":["AssertionError: expected 0 to be greater than 0\n    at E:\\DemoStudio\\tests\\warm_star_actor.test.ts:55:16\n    at file:///E:/DemoStudio/node_modules/@vitest/runner/dist/chunk-hooks.js:155:11\n    at file:///E:/DemoStudio/node_modules/@vitest/runner/dist/chunk-hooks.js:752:26\n    at file:///E:/DemoStudio/node_modules/@vitest/runner/dist/chunk-hooks.js:1897:20\n    at new Promise (<anonymous>)\n    at runWithTimeout (file:///E:/DemoStudio/node_modules/@vitest/runner/dist/chunk-hooks.js:1863:10)\n    at runTest (file:///E:/DemoStudio/node_modules/@vitest/runner/dist/chunk-hooks.js:1574:12)\n    at processTicksAndRejections (node:internal/process/task_queues:104:5)\n    at runSuite (file:///E:/DemoStudio/node_modules/@vitest/runner/dist/chunk-hooks.js:1729:8)\n    at runSuite (file:///E:/DemoStudio/node_modules/@vitest/runner/dist/chunk-hooks.js:1729:8)"],"meta":{}}],"startTime":1789527816682,"endTime":1789527816721.5186,"status":"failed","message":"","name":"E:/DemoStudio/tests/warm_star_actor.test.ts"},{"assertionResults":[{"ancestorTitles":["bodyTextureUrl — 天体→SSS 贴图 URL 映射"],"fullName":"bodyTextureUrl — 天体→SSS 贴图 URL 映射 10 个官方贴图天体均映射到非空 jpg 资产 URL","status":"passed","title":"10 个官方贴图天体均映射到非空 jpg 资产 URL","duration":1.5532000000002881,"failureMessages":[],"meta":{}},{"ancestorTitles":["bodyTextureUrl — 天体→SSS 贴图 URL 映射"],"fullName":"bodyTextureUrl — 天体→SSS 贴图 URL 映射 europa 无官方贴图（Solar System Scope 未提供）→ null","status":"passed","title":"europa 无官方贴图（Solar System Scope 未提供）→ null","duration":0.13029999999980646,"failureMessages":[],"meta":{}},{"ancestorTitles":["bodyTextureUrl — 天体→SSS 贴图 URL 映射"],"fullName":"bodyTextureUrl — 天体→SSS 贴图 URL 映射 未知天体 → null","status":"passed","title":"未知天体 → null","duration":0.10969999999997526,"failureMessages":[],"meta":{}},{"ancestorTitles":["starTextureFor — 真贴图优先、程序化兜底"],"fullName":"starTextureFor — 真贴图优先、程序化兜底 有官方贴图的天体返回字符串 URL（走 loadTexture 缓存路径）","status":"passed","title":"有官方贴图的天体返回字符串 URL（走 loadTexture 缓存路径）","duration":0.252100000000155,"failureMessages":[],"meta":{}},{"ancestorTitles":["starTextureFor — 真贴图优先、程序化兜底"],"fullName":"starTextureFor — 真贴图优先、程序化兜底 europa 走程序化兜底（CanvasTexture 或无 canvas 环境 null），不混用真贴图","status":"passed","title":"europa 走程序化兜底（CanvasTexture 或无 canvas 环境 null），不混用真贴图","duration":2.655899999999747,"failureMessages":[],"meta":{}},{"ancestorTitles":["starTextureFor — 真贴图优先、程序化兜底"],"fullName":"starTextureFor — 真贴图优先、程序化兜底 未知天体：无 canvas 返回 null，有 canvas 返回程序化 CanvasTexture","status":"passed","title":"未知天体：无 canvas 返回 null，有 canvas 返回程序化 CanvasTexture","duration":1.0733000000000175,"failureMessages":[],"meta":{}},{"ancestorTitles":["SphereMeshComponent.setTexture — 字符串路径接线（GameMode 落材质端点）"],"fullName":"SphereMeshComponent.setTexture — 字符串路径接线（GameMode 落材质端点） 字符串路径经 loadTexture 写入材质 map","status":"passed","title":"字符串路径经 loadTexture 写入材质 map","duration":3.767199999999775,"failureMessages":[],"meta":{}},{"ancestorTitles":["SphereMeshComponent.setTexture — 字符串路径接线（GameMode 落材质端点）"],"fullName":"SphereMeshComponent.setTexture — 字符串路径接线（GameMode 落材质端点） 传 THREE.Texture 直接挂材质（europa 程序化兜底同路径）","status":"passed","title":"传 THREE.Texture 直接挂材质（europa 程序化兜底同路径）","duration":2.161800000000312,"failureMessages":[],"meta":{}}],"startTime":1789527819590,"endTime":1789527819601.1619,"status":"passed","message":"","name":"E:/DemoStudio/tests/warm_star_textures.test.ts"},{"assertionResults":[{"ancestorTitles":["warm 收支统计面板：种子失活坑回归"],"fullName":"warm 收支统计面板：种子失活坑回归 widget 种子不带 active=false（bActive 失活整树隐藏，脚本只翻根节点 → 打不开）","status":"passed","title":"widget 种子不带 active=false（bActive 失活整树隐藏，脚本只翻根节点 → 打不开）","duration":4.366799999999785,"failureMessages":[],"meta":{}},{"ancestorTitles":["warm 收支统计面板：种子失活坑回归"],"fullName":"warm 收支统计面板：种子失活坑回归 显隐走 root.visible：onStart 收起、open 展开、close 收起、幂等","status":"passed","title":"显隐走 root.visible：onStart 收起、open 展开、close 收起、幂等","duration":27.26819999999998,"failureMessages":[],"meta":{}}],"startTime":1789527818060,"endTime":1789527818092.2683,"status":"passed","message":"","name":"E:/DemoStudio/tests/warm_stats_panel.test.ts"},{"assertionResults":[{"ancestorTitles":["SphereMeshComponent — 构造推导"],"fullName":"SphereMeshComponent — 构造推导 构造时从已挂载几何推导 radius 与 segments，不重建几何","status":"passed","title":"构造时从已挂载几何推导 radius 与 segments，不重建几何","duration":9.333999999999833,"failureMessages":[],"meta":{}},{"ancestorTitles":["SphereMeshComponent — radius setter 重建行为"],"fullName":"SphereMeshComponent — radius setter 重建行为 重建几何时保留构造段数，精度不再退化","status":"passed","title":"重建几何时保留构造段数，精度不再退化","duration":6.20430000000033,"failureMessages":[],"meta":{}},{"ancestorTitles":["SphereMeshComponent — radius setter 重建行为"],"fullName":"SphereMeshComponent — radius setter 重建行为 默认几何（构造时未显式分段）重建后仍为 16,16","status":"passed","title":"默认几何（构造时未显式分段）重建后仍为 16,16","duration":1.3406999999997424,"failureMessages":[],"meta":{}},{"ancestorTitles":["SphereMeshComponent — segments 可编辑属性"],"fullName":"SphereMeshComponent — segments 可编辑属性 segments setter 重建几何并更新参数","status":"passed","title":"segments setter 重建几何并更新参数","duration":5.131199999999808,"failureMessages":[],"meta":{}},{"ancestorTitles":["SphereMeshComponent — segments 可编辑属性"],"fullName":"SphereMeshComponent — segments 可编辑属性 segments setter 钳制非法值：低于 3 取 3，非整数向下取整","status":"passed","title":"segments setter 钳制非法值：低于 3 取 3，非整数向下取整","duration":0.7659000000003289,"failureMessages":[],"meta":{}},{"ancestorTitles":["SphereMeshComponent — segments 可编辑属性"],"fullName":"SphereMeshComponent — segments 可编辑属性 getEditableProperties 包含 segments（vec2 类型，供 Inspector 编辑）","status":"passed","title":"getEditableProperties 包含 segments（vec2 类型，供 Inspector 编辑）","duration":3.175100000000384,"failureMessages":[],"meta":{}},{"ancestorTitles":["SphereMeshComponent — segments 可编辑属性"],"fullName":"SphereMeshComponent — segments 可编辑属性 getProperties 展示 segments","status":"passed","title":"getProperties 展示 segments","duration":1.5648000000001048,"failureMessages":[],"meta":{}}],"startTime":1789527816314,"endTime":1789527816342.5647,"status":"passed","message":"","name":"E:/DemoStudio/tests/engine/SphereMeshComponent.test.ts"}]}